#-----------------------------------------------------------
# Vivado v2018.3 (64-bit)
# SW Build 2405991 on Thu Dec  6 23:38:27 MST 2018
# IP Build 2404404 on Fri Dec  7 01:43:56 MST 2018
# Start of session at: Wed Apr 22 10:30:47 2026
# Process ID: 13728
# Current directory: C:/Users/giorg/Desktop/Github/Vivado/vivado_project_dtu/crossbar
# Command line: vivado.exe -gui_launcher_event rodinguilauncherevent6464 C:\Users\giorg\Desktop\Github\Vivado\vivado_project_dtu\crossbar\crossbar.xpr
# Log file: C:/Users/giorg/Desktop/Github/Vivado/vivado_project_dtu/crossbar/vivado.log
# Journal file: C:/Users/giorg/Desktop/Github/Vivado/vivado_project_dtu/crossbar\vivado.jou
#-----------------------------------------------------------
start_gui
open_project C:/Users/giorg/Desktop/Github/Vivado/vivado_project_dtu/crossbar/crossbar.xpr
Scanning sources...
Finished scanning sources
INFO: [IP_Flow 19-234] Refreshing IP repositories
INFO: [IP_Flow 19-1704] No user IP repositories specified
INFO: [IP_Flow 19-2313] Loaded Vivado IP repository 'C:/Xilinx/Vivado/2018.3/data/ip'.
open_project: Time (s): cpu = 00:00:20 ; elapsed = 00:00:10 . Memory (MB): peak = 628.629 ; gain = 39.426
update_compile_order -fileset sources_1
file mkdir C:/Users/giorg/Desktop/Github/Vivado/vivado_project_dtu/crossbar/crossbar.srcs/sim_1/new
set_property SOURCE_SET sources_1 [get_filesets sim_1]
close [ open C:/Users/giorg/Desktop/Github/Vivado/vivado_project_dtu/crossbar/crossbar.srcs/sim_1/new/crossbar_tb.vhd w ]
add_files -fileset sim_1 C:/Users/giorg/Desktop/Github/Vivado/vivado_project_dtu/crossbar/crossbar.srcs/sim_1/new/crossbar_tb.vhd
update_compile_order -fileset sim_1
update_compile_order -fileset sim_1
synth_design -rtl -name rtl_1
Command: synth_design -rtl -name rtl_1
Starting synth_design
Using part: xc7a12ticsg325-1L
Top: crossbar
---------------------------------------------------------------------------------
Starting RTL Elaboration : Time (s): cpu = 00:00:02 ; elapsed = 00:00:02 . Memory (MB): peak = 781.340 ; gain = 75.172
---------------------------------------------------------------------------------
INFO: [Synth 8-638] synthesizing module 'crossbar' [C:/Users/giorg/Desktop/Github/Vivado/vivado_project_dtu/crossbar/crossbar.srcs/sources_1/new/crossbar.vhd:57]
INFO: [Synth 8-3491] module 'newfifo' declared at 'C:/Users/giorg/Desktop/Github/Vivado/vivado_project_dtu/crossbar/crossbar.srcs/sources_1/new/newfifo.vhd:26' bound to instance 'buff_inst' of component 'newfifo' [C:/Users/giorg/Desktop/Github/Vivado/vivado_project_dtu/crossbar/crossbar.srcs/sources_1/new/crossbar.vhd:87]
INFO: [Synth 8-638] synthesizing module 'newfifo' [C:/Users/giorg/Desktop/Github/Vivado/vivado_project_dtu/crossbar/crossbar.srcs/sources_1/new/newfifo.vhd:44]
	Parameter FIFO_WIDTH bound to: 9 - type: integer 
	Parameter FIFO_DEPTH bound to: 32 - type: integer 
INFO: [Synth 8-637] synthesizing blackbox instance 'RAM' of component 'blk_mem_gen_0' [C:/Users/giorg/Desktop/Github/Vivado/vivado_project_dtu/crossbar/crossbar.srcs/sources_1/new/newfifo.vhd:80]
INFO: [Synth 8-256] done synthesizing module 'newfifo' (1#1) [C:/Users/giorg/Desktop/Github/Vivado/vivado_project_dtu/crossbar/crossbar.srcs/sources_1/new/newfifo.vhd:44]
INFO: [Synth 8-3491] module 'newfifo' declared at 'C:/Users/giorg/Desktop/Github/Vivado/vivado_project_dtu/crossbar/crossbar.srcs/sources_1/new/newfifo.vhd:26' bound to instance 'buff_inst' of component 'newfifo' [C:/Users/giorg/Desktop/Github/Vivado/vivado_project_dtu/crossbar/crossbar.srcs/sources_1/new/crossbar.vhd:87]
INFO: [Synth 8-3491] module 'newfifo' declared at 'C:/Users/giorg/Desktop/Github/Vivado/vivado_project_dtu/crossbar/crossbar.srcs/sources_1/new/newfifo.vhd:26' bound to instance 'buff_inst' of component 'newfifo' [C:/Users/giorg/Desktop/Github/Vivado/vivado_project_dtu/crossbar/crossbar.srcs/sources_1/new/crossbar.vhd:87]
INFO: [Synth 8-3491] module 'newfifo' declared at 'C:/Users/giorg/Desktop/Github/Vivado/vivado_project_dtu/crossbar/crossbar.srcs/sources_1/new/newfifo.vhd:26' bound to instance 'buff_inst' of component 'newfifo' [C:/Users/giorg/Desktop/Github/Vivado/vivado_project_dtu/crossbar/crossbar.srcs/sources_1/new/crossbar.vhd:87]
WARNING: [Synth 8-3848] Net rd_en in module/entity crossbar does not have driver. [C:/Users/giorg/Desktop/Github/Vivado/vivado_project_dtu/crossbar/crossbar.srcs/sources_1/new/crossbar.vhd:61]
INFO: [Synth 8-256] done synthesizing module 'crossbar' (2#1) [C:/Users/giorg/Desktop/Github/Vivado/vivado_project_dtu/crossbar/crossbar.srcs/sources_1/new/crossbar.vhd:57]
---------------------------------------------------------------------------------
Finished RTL Elaboration : Time (s): cpu = 00:00:02 ; elapsed = 00:00:03 . Memory (MB): peak = 836.969 ; gain = 130.801
---------------------------------------------------------------------------------

Report Check Netlist: 
+------+------------------+-------+---------+-------+------------------+
|      |Item              |Errors |Warnings |Status |Description       |
+------+------------------+-------+---------+-------+------------------+
|1     |multi_driven_nets |      0|        0|Passed |Multi driven nets |
+------+------------------+-------+---------+-------+------------------+
WARNING: [Synth 8-3295] tying undriven pin Gen_fifo[0].buff_inst:read_enable to constant 0 [C:/Users/giorg/Desktop/Github/Vivado/vivado_project_dtu/crossbar/crossbar.srcs/sources_1/new/crossbar.vhd:87]
WARNING: [Synth 8-3295] tying undriven pin Gen_fifo[1].buff_inst:read_enable to constant 0 [C:/Users/giorg/Desktop/Github/Vivado/vivado_project_dtu/crossbar/crossbar.srcs/sources_1/new/crossbar.vhd:87]
WARNING: [Synth 8-3295] tying undriven pin Gen_fifo[2].buff_inst:read_enable to constant 0 [C:/Users/giorg/Desktop/Github/Vivado/vivado_project_dtu/crossbar/crossbar.srcs/sources_1/new/crossbar.vhd:87]
WARNING: [Synth 8-3295] tying undriven pin Gen_fifo[3].buff_inst:read_enable to constant 0 [C:/Users/giorg/Desktop/Github/Vivado/vivado_project_dtu/crossbar/crossbar.srcs/sources_1/new/crossbar.vhd:87]
---------------------------------------------------------------------------------
Start Handling Custom Attributes
---------------------------------------------------------------------------------
---------------------------------------------------------------------------------
Finished Handling Custom Attributes : Time (s): cpu = 00:00:03 ; elapsed = 00:00:03 . Memory (MB): peak = 836.969 ; gain = 130.801
---------------------------------------------------------------------------------
---------------------------------------------------------------------------------
Finished RTL Optimization Phase 1 : Time (s): cpu = 00:00:03 ; elapsed = 00:00:03 . Memory (MB): peak = 836.969 ; gain = 130.801
---------------------------------------------------------------------------------
INFO: [Device 21-403] Loading part xc7a12ticsg325-1L
INFO: [Project 1-570] Preparing netlist for logic optimization

Processing XDC Constraints
Initializing timing engine
Completed Processing XDC Constraints

INFO: [Opt 31-138] Pushed 0 inverter(s) to 0 load pin(s).
Netlist sorting complete. Time (s): cpu = 00:00:00 ; elapsed = 00:00:00 . Memory (MB): peak = 1130.164 ; gain = 0.000
INFO: [Project 1-111] Unisim Transformation Summary:
No Unisim elements were transformed.

RTL Elaboration Complete:  : Time (s): cpu = 00:00:14 ; elapsed = 00:00:12 . Memory (MB): peak = 1167.195 ; gain = 461.027
13 Infos, 5 Warnings, 0 Critical Warnings and 0 Errors encountered.
synth_design completed successfully
synth_design: Time (s): cpu = 00:00:14 ; elapsed = 00:00:12 . Memory (MB): peak = 1167.195 ; gain = 461.027
refresh_design
---------------------------------------------------------------------------------
Starting RTL Elaboration : Time (s): cpu = 00:00:02 ; elapsed = 00:00:03 . Memory (MB): peak = 1167.195 ; gain = 0.000
---------------------------------------------------------------------------------
INFO: [Synth 8-638] synthesizing module 'crossbar' [C:/Users/giorg/Desktop/Github/Vivado/vivado_project_dtu/crossbar/crossbar.srcs/sources_1/new/crossbar.vhd:57]
INFO: [Synth 8-3491] module 'newfifo' declared at 'C:/Users/giorg/Desktop/Github/Vivado/vivado_project_dtu/crossbar/crossbar.srcs/sources_1/new/newfifo.vhd:26' bound to instance 'buff_inst' of component 'newfifo' [C:/Users/giorg/Desktop/Github/Vivado/vivado_project_dtu/crossbar/crossbar.srcs/sources_1/new/crossbar.vhd:87]
INFO: [Synth 8-638] synthesizing module 'newfifo' [C:/Users/giorg/Desktop/Github/Vivado/vivado_project_dtu/crossbar/crossbar.srcs/sources_1/new/newfifo.vhd:44]
	Parameter FIFO_WIDTH bound to: 9 - type: integer 
	Parameter FIFO_DEPTH bound to: 32 - type: integer 
INFO: [Synth 8-637] synthesizing blackbox instance 'RAM' of component 'blk_mem_gen_0' [C:/Users/giorg/Desktop/Github/Vivado/vivado_project_dtu/crossbar/crossbar.srcs/sources_1/new/newfifo.vhd:80]
INFO: [Synth 8-256] done synthesizing module 'newfifo' (1#1) [C:/Users/giorg/Desktop/Github/Vivado/vivado_project_dtu/crossbar/crossbar.srcs/sources_1/new/newfifo.vhd:44]
INFO: [Synth 8-3491] module 'newfifo' declared at 'C:/Users/giorg/Desktop/Github/Vivado/vivado_project_dtu/crossbar/crossbar.srcs/sources_1/new/newfifo.vhd:26' bound to instance 'buff_inst' of component 'newfifo' [C:/Users/giorg/Desktop/Github/Vivado/vivado_project_dtu/crossbar/crossbar.srcs/sources_1/new/crossbar.vhd:87]
INFO: [Synth 8-3491] module 'newfifo' declared at 'C:/Users/giorg/Desktop/Github/Vivado/vivado_project_dtu/crossbar/crossbar.srcs/sources_1/new/newfifo.vhd:26' bound to instance 'buff_inst' of component 'newfifo' [C:/Users/giorg/Desktop/Github/Vivado/vivado_project_dtu/crossbar/crossbar.srcs/sources_1/new/crossbar.vhd:87]
INFO: [Synth 8-3491] module 'newfifo' declared at 'C:/Users/giorg/Desktop/Github/Vivado/vivado_project_dtu/crossbar/crossbar.srcs/sources_1/new/newfifo.vhd:26' bound to instance 'buff_inst' of component 'newfifo' [C:/Users/giorg/Desktop/Github/Vivado/vivado_project_dtu/crossbar/crossbar.srcs/sources_1/new/crossbar.vhd:87]
WARNING: [Synth 8-3848] Net rd_en in module/entity crossbar does not have driver. [C:/Users/giorg/Desktop/Github/Vivado/vivado_project_dtu/crossbar/crossbar.srcs/sources_1/new/crossbar.vhd:61]
INFO: [Synth 8-256] done synthesizing module 'crossbar' (2#1) [C:/Users/giorg/Desktop/Github/Vivado/vivado_project_dtu/crossbar/crossbar.srcs/sources_1/new/crossbar.vhd:57]
---------------------------------------------------------------------------------
Finished RTL Elaboration : Time (s): cpu = 00:00:02 ; elapsed = 00:00:03 . Memory (MB): peak = 1175.211 ; gain = 8.016
---------------------------------------------------------------------------------

Report Check Netlist: 
+------+------------------+-------+---------+-------+------------------+
|      |Item              |Errors |Warnings |Status |Description       |
+------+------------------+-------+---------+-------+------------------+
|1     |multi_driven_nets |      0|        0|Passed |Multi driven nets |
+------+------------------+-------+---------+-------+------------------+
WARNING: [Synth 8-3295] tying undriven pin Gen_fifo[0].buff_inst:read_enable to constant 0 [C:/Users/giorg/Desktop/Github/Vivado/vivado_project_dtu/crossbar/crossbar.srcs/sources_1/new/crossbar.vhd:87]
WARNING: [Synth 8-3295] tying undriven pin Gen_fifo[1].buff_inst:read_enable to constant 0 [C:/Users/giorg/Desktop/Github/Vivado/vivado_project_dtu/crossbar/crossbar.srcs/sources_1/new/crossbar.vhd:87]
WARNING: [Synth 8-3295] tying undriven pin Gen_fifo[2].buff_inst:read_enable to constant 0 [C:/Users/giorg/Desktop/Github/Vivado/vivado_project_dtu/crossbar/crossbar.srcs/sources_1/new/crossbar.vhd:87]
WARNING: [Synth 8-3295] tying undriven pin Gen_fifo[3].buff_inst:read_enable to constant 0 [C:/Users/giorg/Desktop/Github/Vivado/vivado_project_dtu/crossbar/crossbar.srcs/sources_1/new/crossbar.vhd:87]
---------------------------------------------------------------------------------
Start Handling Custom Attributes
---------------------------------------------------------------------------------
---------------------------------------------------------------------------------
Finished Handling Custom Attributes : Time (s): cpu = 00:00:02 ; elapsed = 00:00:03 . Memory (MB): peak = 1175.211 ; gain = 8.016
---------------------------------------------------------------------------------
---------------------------------------------------------------------------------
Finished RTL Optimization Phase 1 : Time (s): cpu = 00:00:02 ; elapsed = 00:00:03 . Memory (MB): peak = 1175.211 ; gain = 8.016
---------------------------------------------------------------------------------
INFO: [Project 1-570] Preparing netlist for logic optimization

Processing XDC Constraints
Initializing timing engine
Completed Processing XDC Constraints

INFO: [Opt 31-138] Pushed 0 inverter(s) to 0 load pin(s).
refresh_design: Time (s): cpu = 00:00:13 ; elapsed = 00:00:09 . Memory (MB): peak = 1190.215 ; gain = 23.020
refresh_design
---------------------------------------------------------------------------------
Starting RTL Elaboration : Time (s): cpu = 00:00:02 ; elapsed = 00:00:02 . Memory (MB): peak = 1234.156 ; gain = 0.000
---------------------------------------------------------------------------------
INFO: [Synth 8-638] synthesizing module 'crossbar' [C:/Users/giorg/Desktop/Github/Vivado/vivado_project_dtu/crossbar/crossbar.srcs/sources_1/new/crossbar.vhd:57]
INFO: [Synth 8-3491] module 'newfifo' declared at 'C:/Users/giorg/Desktop/Github/Vivado/vivado_project_dtu/crossbar/crossbar.srcs/sources_1/new/newfifo.vhd:26' bound to instance 'buff_inst' of component 'newfifo' [C:/Users/giorg/Desktop/Github/Vivado/vivado_project_dtu/crossbar/crossbar.srcs/sources_1/new/crossbar.vhd:87]
INFO: [Synth 8-638] synthesizing module 'newfifo' [C:/Users/giorg/Desktop/Github/Vivado/vivado_project_dtu/crossbar/crossbar.srcs/sources_1/new/newfifo.vhd:44]
	Parameter FIFO_WIDTH bound to: 9 - type: integer 
	Parameter FIFO_DEPTH bound to: 32 - type: integer 
INFO: [Synth 8-637] synthesizing blackbox instance 'RAM' of component 'blk_mem_gen_0' [C:/Users/giorg/Desktop/Github/Vivado/vivado_project_dtu/crossbar/crossbar.srcs/sources_1/new/newfifo.vhd:80]
INFO: [Synth 8-256] done synthesizing module 'newfifo' (1#1) [C:/Users/giorg/Desktop/Github/Vivado/vivado_project_dtu/crossbar/crossbar.srcs/sources_1/new/newfifo.vhd:44]
INFO: [Synth 8-3491] module 'newfifo' declared at 'C:/Users/giorg/Desktop/Github/Vivado/vivado_project_dtu/crossbar/crossbar.srcs/sources_1/new/newfifo.vhd:26' bound to instance 'buff_inst' of component 'newfifo' [C:/Users/giorg/Desktop/Github/Vivado/vivado_project_dtu/crossbar/crossbar.srcs/sources_1/new/crossbar.vhd:87]
INFO: [Synth 8-3491] module 'newfifo' declared at 'C:/Users/giorg/Desktop/Github/Vivado/vivado_project_dtu/crossbar/crossbar.srcs/sources_1/new/newfifo.vhd:26' bound to instance 'buff_inst' of component 'newfifo' [C:/Users/giorg/Desktop/Github/Vivado/vivado_project_dtu/crossbar/crossbar.srcs/sources_1/new/crossbar.vhd:87]
INFO: [Synth 8-3491] module 'newfifo' declared at 'C:/Users/giorg/Desktop/Github/Vivado/vivado_project_dtu/crossbar/crossbar.srcs/sources_1/new/newfifo.vhd:26' bound to instance 'buff_inst' of component 'newfifo' [C:/Users/giorg/Desktop/Github/Vivado/vivado_project_dtu/crossbar/crossbar.srcs/sources_1/new/crossbar.vhd:87]
Found Register slices driven by multiple sources
WARNING: [Synth 8-3848] Net rd_en in module/entity crossbar does not have driver. [C:/Users/giorg/Desktop/Github/Vivado/vivado_project_dtu/crossbar/crossbar.srcs/sources_1/new/crossbar.vhd:61]
INFO: [Synth 8-256] done synthesizing module 'crossbar' (2#1) [C:/Users/giorg/Desktop/Github/Vivado/vivado_project_dtu/crossbar/crossbar.srcs/sources_1/new/crossbar.vhd:57]
---------------------------------------------------------------------------------
Finished RTL Elaboration : Time (s): cpu = 00:00:03 ; elapsed = 00:00:02 . Memory (MB): peak = 1262.391 ; gain = 28.234
---------------------------------------------------------------------------------

Report Check Netlist: 
+------+------------------+-------+---------+-------+------------------+
|      |Item              |Errors |Warnings |Status |Description       |
+------+------------------+-------+---------+-------+------------------+
|1     |multi_driven_nets |      0|        0|Passed |Multi driven nets |
+------+------------------+-------+---------+-------+------------------+
WARNING: [Synth 8-3295] tying undriven pin Gen_fifo[0].buff_inst:read_enable to constant 0 [C:/Users/giorg/Desktop/Github/Vivado/vivado_project_dtu/crossbar/crossbar.srcs/sources_1/new/crossbar.vhd:87]
WARNING: [Synth 8-3295] tying undriven pin Gen_fifo[1].buff_inst:read_enable to constant 0 [C:/Users/giorg/Desktop/Github/Vivado/vivado_project_dtu/crossbar/crossbar.srcs/sources_1/new/crossbar.vhd:87]
WARNING: [Synth 8-3295] tying undriven pin Gen_fifo[2].buff_inst:read_enable to constant 0 [C:/Users/giorg/Desktop/Github/Vivado/vivado_project_dtu/crossbar/crossbar.srcs/sources_1/new/crossbar.vhd:87]
WARNING: [Synth 8-3295] tying undriven pin Gen_fifo[3].buff_inst:read_enable to constant 0 [C:/Users/giorg/Desktop/Github/Vivado/vivado_project_dtu/crossbar/crossbar.srcs/sources_1/new/crossbar.vhd:87]
---------------------------------------------------------------------------------
Start Handling Custom Attributes
---------------------------------------------------------------------------------
---------------------------------------------------------------------------------
Finished Handling Custom Attributes : Time (s): cpu = 00:00:03 ; elapsed = 00:00:03 . Memory (MB): peak = 1262.391 ; gain = 28.234
---------------------------------------------------------------------------------
---------------------------------------------------------------------------------
Finished RTL Optimization Phase 1 : Time (s): cpu = 00:00:03 ; elapsed = 00:00:03 . Memory (MB): peak = 1262.391 ; gain = 28.234
---------------------------------------------------------------------------------
INFO: [Project 1-570] Preparing netlist for logic optimization

Processing XDC Constraints
Initializing timing engine
Completed Processing XDC Constraints

INFO: [Opt 31-138] Pushed 0 inverter(s) to 0 load pin(s).
refresh_design: Time (s): cpu = 00:00:11 ; elapsed = 00:00:08 . Memory (MB): peak = 1267.797 ; gain = 33.641
launch_simulation
INFO: [Vivado 12-5682] Launching behavioral simulation in 'C:/Users/giorg/Desktop/Github/Vivado/vivado_project_dtu/crossbar/crossbar.sim/sim_1/behav/xsim'
INFO: [SIM-utils-51] Simulation object is 'sim_1'
INFO: [SIM-utils-54] Inspecting design source files for 'crossbar_tb' in fileset 'sim_1'...
INFO: [USF-XSim-97] Finding global include files...
INFO: [USF-XSim-98] Fetching design files from 'sim_1'...
INFO: [USF-XSim-2] XSim::Compile design
INFO: [USF-XSim-61] Executing 'COMPILE and ANALYZE' step in 'C:/Users/giorg/Desktop/Github/Vivado/vivado_project_dtu/crossbar/crossbar.sim/sim_1/behav/xsim'
"xvhdl --incr --relax -prj crossbar_tb_vhdl.prj"
INFO: [VRFC 10-163] Analyzing VHDL file "C:/Users/giorg/Desktop/Github/Vivado/vivado_project_dtu/crossbar/crossbar.srcs/sources_1/new/crossbar.vhd" into library xil_defaultlib
INFO: [VRFC 10-3107] analyzing entity 'crossbar'
INFO: [VRFC 10-163] Analyzing VHDL file "C:/Users/giorg/Desktop/Github/Vivado/vivado_project_dtu/crossbar/crossbar.srcs/sources_1/new/newfifo.vhd" into library xil_defaultlib
INFO: [VRFC 10-3107] analyzing entity 'newfifo'
INFO: [VRFC 10-163] Analyzing VHDL file "C:/Users/giorg/Desktop/Github/Vivado/vivado_project_dtu/crossbar/crossbar.srcs/sim_1/new/crossbar_tb.vhd" into library xil_defaultlib
INFO: [VRFC 10-3107] analyzing entity 'crossbar_tb'
INFO: [USF-XSim-69] 'compile' step finished in '3' seconds
INFO: [USF-XSim-3] XSim::Elaborate design
INFO: [USF-XSim-61] Executing 'ELABORATE' step in 'C:/Users/giorg/Desktop/Github/Vivado/vivado_project_dtu/crossbar/crossbar.sim/sim_1/behav/xsim'
Vivado Simulator 2018.3
Copyright 1986-1999, 2001-2018 Xilinx, Inc. All Rights Reserved.
Running: C:/Xilinx/Vivado/2018.3/bin/unwrapped/win64.o/xelab.exe -wto 81f1f72a399c4e238831280f80e8e3d1 --incr --debug typical --relax --mt 2 -L xil_defaultlib -L secureip --snapshot crossbar_tb_behav xil_defaultlib.crossbar_tb -log elaborate.log 
Using 2 slave threads.
Starting static elaboration
WARNING: [VRFC 10-3009] 'blk_mem_gen_0' remains a black-box since it has no binding entity [C:/Users/giorg/Desktop/Github/Vivado/vivado_project_dtu/crossbar/crossbar.srcs/sources_1/new/newfifo.vhd:80]
Completed static elaboration
Starting simulation data flow analysis
Completed simulation data flow analysis
Time Resolution for simulation is 1ps
Compiling package std.standard
Compiling package std.textio
Compiling package ieee.std_logic_1164
Compiling package ieee.numeric_std
Compiling package unisim.vcomponents
Compiling package xil_defaultlib.switch_types
Compiling architecture behavioral of entity xil_defaultlib.newfifo [newfifo_default]
Compiling architecture behavioral of entity xil_defaultlib.crossbar [crossbar_default]
Compiling architecture sim of entity xil_defaultlib.crossbar_tb
Built simulation snapshot crossbar_tb_behav

****** Webtalk v2018.3 (64-bit)
  **** SW Build 2405991 on Thu Dec  6 23:38:27 MST 2018
  **** IP Build 2404404 on Fri Dec  7 01:43:56 MST 2018
    ** Copyright 1986-2018 Xilinx, Inc. All Rights Reserved.

source C:/Users/giorg/Desktop/Github/Vivado/vivado_project_dtu/crossbar/crossbar.sim/sim_1/behav/xsim/xsim.dir/crossbar_tb_behav/webtalk/xsim_webtalk.tcl -notrace
INFO: [Common 17-206] Exiting Webtalk at Wed Apr 22 13:11:59 2026...
run_program: Time (s): cpu = 00:00:00 ; elapsed = 00:00:08 . Memory (MB): peak = 1291.184 ; gain = 0.000
INFO: [USF-XSim-69] 'elaborate' step finished in '8' seconds
INFO: [USF-XSim-4] XSim::Simulate design
INFO: [USF-XSim-61] Executing 'SIMULATE' step in 'C:/Users/giorg/Desktop/Github/Vivado/vivado_project_dtu/crossbar/crossbar.sim/sim_1/behav/xsim'
INFO: [USF-XSim-98] *** Running xsim
   with args "crossbar_tb_behav -key {Behavioral:sim_1:Functional:crossbar_tb} -tclbatch {crossbar_tb.tcl} -log {simulate.log}"
INFO: [USF-XSim-8] Loading simulator feature
Vivado Simulator 2018.3
Time resolution is 1 ps
source crossbar_tb.tcl
# set curr_wave [current_wave_config]
# if { [string length $curr_wave] == 0 } {
#   if { [llength [get_objects]] > 0} {
#     add_wave /
#     set_property needs_save false [current_wave_config]
#   } else {
#      send_msg_id Add_Wave-1 WARNING "No top level signals found. Simulator will start without a wave window. If you want to open a wave window go to 'File->New Waveform Configuration' or type 'create_wave_config' in the TCL console."
#   }
# }
# run 1000ns
Failure: Simulation Finished
Time: 240 ns  Iteration: 0  Process: /crossbar_tb/stim_proc  File: C:/Users/giorg/Desktop/Github/Vivado/vivado_project_dtu/crossbar/crossbar.srcs/sim_1/new/crossbar_tb.vhd
$finish called at time : 240 ns : File "C:/Users/giorg/Desktop/Github/Vivado/vivado_project_dtu/crossbar/crossbar.srcs/sim_1/new/crossbar_tb.vhd" Line 140
INFO: [USF-XSim-96] XSim completed. Design snapshot 'crossbar_tb_behav' loaded.
INFO: [USF-XSim-97] XSim simulation ran for 1000ns
launch_simulation: Time (s): cpu = 00:00:06 ; elapsed = 00:00:16 . Memory (MB): peak = 1307.887 ; gain = 16.703
relaunch_sim
INFO: [Vivado 12-5682] Launching behavioral simulation in 'C:/Users/giorg/Desktop/Github/Vivado/vivado_project_dtu/crossbar/crossbar.sim/sim_1/behav/xsim'
INFO: [SIM-utils-51] Simulation object is 'sim_1'
INFO: [SIM-utils-54] Inspecting design source files for 'crossbar_tb' in fileset 'sim_1'...
INFO: [USF-XSim-97] Finding global include files...
INFO: [USF-XSim-98] Fetching design files from 'sim_1'...
INFO: [USF-XSim-2] XSim::Compile design
INFO: [USF-XSim-61] Executing 'COMPILE and ANALYZE' step in 'C:/Users/giorg/Desktop/Github/Vivado/vivado_project_dtu/crossbar/crossbar.sim/sim_1/behav/xsim'
"xvhdl --incr --relax -prj crossbar_tb_vhdl.prj"
INFO: [VRFC 10-163] Analyzing VHDL file "C:/Users/giorg/Desktop/Github/Vivado/vivado_project_dtu/crossbar/crossbar.srcs/sources_1/new/crossbar.vhd" into library xil_defaultlib
INFO: [VRFC 10-3107] analyzing entity 'crossbar'
INFO: [VRFC 10-163] Analyzing VHDL file "C:/Users/giorg/Desktop/Github/Vivado/vivado_project_dtu/crossbar/crossbar.srcs/sim_1/new/crossbar_tb.vhd" into library xil_defaultlib
INFO: [VRFC 10-3107] analyzing entity 'crossbar_tb'
INFO: [USF-XSim-69] 'compile' step finished in '1' seconds
INFO: [Vivado 12-5682] Launching behavioral simulation in 'C:/Users/giorg/Desktop/Github/Vivado/vivado_project_dtu/crossbar/crossbar.sim/sim_1/behav/xsim'
INFO: [USF-XSim-3] XSim::Elaborate design
INFO: [USF-XSim-61] Executing 'ELABORATE' step in 'C:/Users/giorg/Desktop/Github/Vivado/vivado_project_dtu/crossbar/crossbar.sim/sim_1/behav/xsim'
Vivado Simulator 2018.3
Copyright 1986-1999, 2001-2018 Xilinx, Inc. All Rights Reserved.
Running: C:/Xilinx/Vivado/2018.3/bin/unwrapped/win64.o/xelab.exe -wto 81f1f72a399c4e238831280f80e8e3d1 --incr --debug typical --relax --mt 2 -L xil_defaultlib -L secureip --snapshot crossbar_tb_behav xil_defaultlib.crossbar_tb -log elaborate.log 
Using 2 slave threads.
Starting static elaboration
WARNING: [VRFC 10-3009] 'blk_mem_gen_0' remains a black-box since it has no binding entity [C:/Users/giorg/Desktop/Github/Vivado/vivado_project_dtu/crossbar/crossbar.srcs/sources_1/new/newfifo.vhd:80]
Completed static elaboration
Starting simulation data flow analysis
Completed simulation data flow analysis
Time Resolution for simulation is 1ps
Compiling package std.standard
Compiling package std.textio
Compiling package ieee.std_logic_1164
Compiling package ieee.numeric_std
Compiling package unisim.vcomponents
Compiling package xil_defaultlib.switch_types
Compiling architecture behavioral of entity xil_defaultlib.newfifo [newfifo_default]
Compiling architecture behavioral of entity xil_defaultlib.crossbar [crossbar_default]
Compiling architecture sim of entity xil_defaultlib.crossbar_tb
Built simulation snapshot crossbar_tb_behav
INFO: [USF-XSim-69] 'elaborate' step finished in '2' seconds
Vivado Simulator 2018.3
Time resolution is 1 ps
Failure: Simulation Finished
Time: 240 ns  Iteration: 0  Process: /crossbar_tb/stim_proc  File: C:/Users/giorg/Desktop/Github/Vivado/vivado_project_dtu/crossbar/crossbar.srcs/sim_1/new/crossbar_tb.vhd
$finish called at time : 240 ns : File "C:/Users/giorg/Desktop/Github/Vivado/vivado_project_dtu/crossbar/crossbar.srcs/sim_1/new/crossbar_tb.vhd" Line 140
relaunch_sim: Time (s): cpu = 00:00:02 ; elapsed = 00:00:08 . Memory (MB): peak = 1319.832 ; gain = 0.000
close_sim
INFO: [Simtcl 6-16] Simulation closed
launch_simulation
INFO: [Vivado 12-5682] Launching behavioral simulation in 'C:/Users/giorg/Desktop/Github/Vivado/vivado_project_dtu/crossbar/crossbar.sim/sim_1/behav/xsim'
INFO: [SIM-utils-51] Simulation object is 'sim_1'
INFO: [SIM-utils-54] Inspecting design source files for 'crossbar_tb' in fileset 'sim_1'...
INFO: [USF-XSim-97] Finding global include files...
INFO: [USF-XSim-98] Fetching design files from 'sim_1'...
INFO: [USF-XSim-2] XSim::Compile design
INFO: [USF-XSim-61] Executing 'COMPILE and ANALYZE' step in 'C:/Users/giorg/Desktop/Github/Vivado/vivado_project_dtu/crossbar/crossbar.sim/sim_1/behav/xsim'
"xvhdl --incr --relax -prj crossbar_tb_vhdl.prj"
INFO: [VRFC 10-163] Analyzing VHDL file "C:/Users/giorg/Desktop/Github/Vivado/vivado_project_dtu/crossbar/crossbar.srcs/sources_1/new/crossbar.vhd" into library xil_defaultlib
INFO: [VRFC 10-3107] analyzing entity 'crossbar'
INFO: [VRFC 10-163] Analyzing VHDL file "C:/Users/giorg/Desktop/Github/Vivado/vivado_project_dtu/crossbar/crossbar.srcs/sim_1/new/crossbar_tb.vhd" into library xil_defaultlib
INFO: [VRFC 10-3107] analyzing entity 'crossbar_tb'
INFO: [USF-XSim-69] 'compile' step finished in '1' seconds
INFO: [USF-XSim-3] XSim::Elaborate design
INFO: [USF-XSim-61] Executing 'ELABORATE' step in 'C:/Users/giorg/Desktop/Github/Vivado/vivado_project_dtu/crossbar/crossbar.sim/sim_1/behav/xsim'
Vivado Simulator 2018.3
Copyright 1986-1999, 2001-2018 Xilinx, Inc. All Rights Reserved.
Running: C:/Xilinx/Vivado/2018.3/bin/unwrapped/win64.o/xelab.exe -wto 81f1f72a399c4e238831280f80e8e3d1 --incr --debug typical --relax --mt 2 -L xil_defaultlib -L secureip --snapshot crossbar_tb_behav xil_defaultlib.crossbar_tb -log elaborate.log 
Using 2 slave threads.
Starting static elaboration
WARNING: [VRFC 10-3009] 'blk_mem_gen_0' remains a black-box since it has no binding entity [C:/Users/giorg/Desktop/Github/Vivado/vivado_project_dtu/crossbar/crossbar.srcs/sources_1/new/newfifo.vhd:80]
Completed static elaboration
Starting simulation data flow analysis
Completed simulation data flow analysis
Time Resolution for simulation is 1ps
Compiling package std.standard
Compiling package std.textio
Compiling package ieee.std_logic_1164
Compiling package ieee.numeric_std
Compiling package unisim.vcomponents
Compiling package xil_defaultlib.switch_types
Compiling architecture behavioral of entity xil_defaultlib.newfifo [newfifo_default]
Compiling architecture behavioral of entity xil_defaultlib.crossbar [crossbar_default]
Compiling architecture sim of entity xil_defaultlib.crossbar_tb
Built simulation snapshot crossbar_tb_behav
INFO: [USF-XSim-69] 'elaborate' step finished in '2' seconds
INFO: [USF-XSim-4] XSim::Simulate design
INFO: [USF-XSim-61] Executing 'SIMULATE' step in 'C:/Users/giorg/Desktop/Github/Vivado/vivado_project_dtu/crossbar/crossbar.sim/sim_1/behav/xsim'
INFO: [USF-XSim-98] *** Running xsim
   with args "crossbar_tb_behav -key {Behavioral:sim_1:Functional:crossbar_tb} -tclbatch {crossbar_tb.tcl} -log {simulate.log}"
INFO: [USF-XSim-8] Loading simulator feature
Vivado Simulator 2018.3
Time resolution is 1 ps
source crossbar_tb.tcl
# set curr_wave [current_wave_config]
# if { [string length $curr_wave] == 0 } {
#   if { [llength [get_objects]] > 0} {
#     add_wave /
#     set_property needs_save false [current_wave_config]
#   } else {
#      send_msg_id Add_Wave-1 WARNING "No top level signals found. Simulator will start without a wave window. If you want to open a wave window go to 'File->New Waveform Configuration' or type 'create_wave_config' in the TCL console."
#   }
# }
# run 1000ns
Failure: Simulation Finished
Time: 240 ns  Iteration: 0  Process: /crossbar_tb/stim_proc  File: C:/Users/giorg/Desktop/Github/Vivado/vivado_project_dtu/crossbar/crossbar.srcs/sim_1/new/crossbar_tb.vhd
$finish called at time : 240 ns : File "C:/Users/giorg/Desktop/Github/Vivado/vivado_project_dtu/crossbar/crossbar.srcs/sim_1/new/crossbar_tb.vhd" Line 140
INFO: [USF-XSim-96] XSim completed. Design snapshot 'crossbar_tb_behav' loaded.
INFO: [USF-XSim-97] XSim simulation ran for 1000ns
launch_simulation: Time (s): cpu = 00:00:04 ; elapsed = 00:00:06 . Memory (MB): peak = 1323.840 ; gain = 0.000
relaunch_sim
INFO: [Vivado 12-5682] Launching behavioral simulation in 'C:/Users/giorg/Desktop/Github/Vivado/vivado_project_dtu/crossbar/crossbar.sim/sim_1/behav/xsim'
INFO: [SIM-utils-51] Simulation object is 'sim_1'
INFO: [SIM-utils-54] Inspecting design source files for 'crossbar_tb' in fileset 'sim_1'...
INFO: [USF-XSim-97] Finding global include files...
INFO: [USF-XSim-98] Fetching design files from 'sim_1'...
INFO: [USF-XSim-2] XSim::Compile design
INFO: [USF-XSim-61] Executing 'COMPILE and ANALYZE' step in 'C:/Users/giorg/Desktop/Github/Vivado/vivado_project_dtu/crossbar/crossbar.sim/sim_1/behav/xsim'
"xvhdl --incr --relax -prj crossbar_tb_vhdl.prj"
INFO: [USF-XSim-69] 'compile' step finished in '1' seconds
INFO: [Vivado 12-5682] Launching behavioral simulation in 'C:/Users/giorg/Desktop/Github/Vivado/vivado_project_dtu/crossbar/crossbar.sim/sim_1/behav/xsim'
INFO: [USF-XSim-3] XSim::Elaborate design
INFO: [USF-XSim-61] Executing 'ELABORATE' step in 'C:/Users/giorg/Desktop/Github/Vivado/vivado_project_dtu/crossbar/crossbar.sim/sim_1/behav/xsim'
Vivado Simulator 2018.3
Copyright 1986-1999, 2001-2018 Xilinx, Inc. All Rights Reserved.
Running: C:/Xilinx/Vivado/2018.3/bin/unwrapped/win64.o/xelab.exe -wto 81f1f72a399c4e238831280f80e8e3d1 --incr --debug typical --relax --mt 2 -L xil_defaultlib -L secureip --snapshot crossbar_tb_behav xil_defaultlib.crossbar_tb -log elaborate.log 
Using 2 slave threads.
Starting static elaboration
WARNING: [VRFC 10-3009] 'blk_mem_gen_0' remains a black-box since it has no binding entity [C:/Users/giorg/Desktop/Github/Vivado/vivado_project_dtu/crossbar/crossbar.srcs/sources_1/new/newfifo.vhd:80]
Completed static elaboration
INFO: [XSIM 43-4323] No Change in HDL. Linking previously generated obj files to create kernel
INFO: [USF-XSim-69] 'elaborate' step finished in '2' seconds
Vivado Simulator 2018.3
Time resolution is 1 ps
Failure: Simulation Finished
Time: 240 ns  Iteration: 0  Process: /crossbar_tb/stim_proc  File: C:/Users/giorg/Desktop/Github/Vivado/vivado_project_dtu/crossbar/crossbar.srcs/sim_1/new/crossbar_tb.vhd
$finish called at time : 240 ns : File "C:/Users/giorg/Desktop/Github/Vivado/vivado_project_dtu/crossbar/crossbar.srcs/sim_1/new/crossbar_tb.vhd" Line 140
relaunch_sim: Time (s): cpu = 00:00:01 ; elapsed = 00:00:05 . Memory (MB): peak = 1323.930 ; gain = 0.000
relaunch_sim
INFO: [Vivado 12-5682] Launching behavioral simulation in 'C:/Users/giorg/Desktop/Github/Vivado/vivado_project_dtu/crossbar/crossbar.sim/sim_1/behav/xsim'
INFO: [SIM-utils-51] Simulation object is 'sim_1'
INFO: [SIM-utils-54] Inspecting design source files for 'crossbar_tb' in fileset 'sim_1'...
INFO: [USF-XSim-97] Finding global include files...
INFO: [USF-XSim-98] Fetching design files from 'sim_1'...
INFO: [USF-XSim-2] XSim::Compile design
INFO: [USF-XSim-61] Executing 'COMPILE and ANALYZE' step in 'C:/Users/giorg/Desktop/Github/Vivado/vivado_project_dtu/crossbar/crossbar.sim/sim_1/behav/xsim'
"xvhdl --incr --relax -prj crossbar_tb_vhdl.prj"
INFO: [USF-XSim-69] 'compile' step finished in '1' seconds
INFO: [Vivado 12-5682] Launching behavioral simulation in 'C:/Users/giorg/Desktop/Github/Vivado/vivado_project_dtu/crossbar/crossbar.sim/sim_1/behav/xsim'
INFO: [USF-XSim-3] XSim::Elaborate design
INFO: [USF-XSim-61] Executing 'ELABORATE' step in 'C:/Users/giorg/Desktop/Github/Vivado/vivado_project_dtu/crossbar/crossbar.sim/sim_1/behav/xsim'
Vivado Simulator 2018.3
Copyright 1986-1999, 2001-2018 Xilinx, Inc. All Rights Reserved.
Running: C:/Xilinx/Vivado/2018.3/bin/unwrapped/win64.o/xelab.exe -wto 81f1f72a399c4e238831280f80e8e3d1 --incr --debug typical --relax --mt 2 -L xil_defaultlib -L secureip --snapshot crossbar_tb_behav xil_defaultlib.crossbar_tb -log elaborate.log 
Using 2 slave threads.
Starting static elaboration
WARNING: [VRFC 10-3009] 'blk_mem_gen_0' remains a black-box since it has no binding entity [C:/Users/giorg/Desktop/Github/Vivado/vivado_project_dtu/crossbar/crossbar.srcs/sources_1/new/newfifo.vhd:80]
Completed static elaboration
INFO: [XSIM 43-4323] No Change in HDL. Linking previously generated obj files to create kernel
INFO: [USF-XSim-69] 'elaborate' step finished in '2' seconds
Vivado Simulator 2018.3
Time resolution is 1 ps
Failure: Simulation Finished
Time: 240 ns  Iteration: 0  Process: /crossbar_tb/stim_proc  File: C:/Users/giorg/Desktop/Github/Vivado/vivado_project_dtu/crossbar/crossbar.srcs/sim_1/new/crossbar_tb.vhd
$finish called at time : 240 ns : File "C:/Users/giorg/Desktop/Github/Vivado/vivado_project_dtu/crossbar/crossbar.srcs/sim_1/new/crossbar_tb.vhd" Line 140
relaunch_sim: Time (s): cpu = 00:00:01 ; elapsed = 00:00:05 . Memory (MB): peak = 1325.539 ; gain = 0.000
relaunch_sim
INFO: [Vivado 12-5682] Launching behavioral simulation in 'C:/Users/giorg/Desktop/Github/Vivado/vivado_project_dtu/crossbar/crossbar.sim/sim_1/behav/xsim'
INFO: [SIM-utils-51] Simulation object is 'sim_1'
INFO: [SIM-utils-54] Inspecting design source files for 'crossbar_tb' in fileset 'sim_1'...
INFO: [USF-XSim-97] Finding global include files...
INFO: [USF-XSim-98] Fetching design files from 'sim_1'...
INFO: [USF-XSim-2] XSim::Compile design
INFO: [USF-XSim-61] Executing 'COMPILE and ANALYZE' step in 'C:/Users/giorg/Desktop/Github/Vivado/vivado_project_dtu/crossbar/crossbar.sim/sim_1/behav/xsim'
"xvhdl --incr --relax -prj crossbar_tb_vhdl.prj"
INFO: [VRFC 10-163] Analyzing VHDL file "C:/Users/giorg/Desktop/Github/Vivado/vivado_project_dtu/crossbar/crossbar.srcs/sources_1/new/crossbar.vhd" into library xil_defaultlib
INFO: [VRFC 10-3107] analyzing entity 'crossbar'
INFO: [VRFC 10-163] Analyzing VHDL file "C:/Users/giorg/Desktop/Github/Vivado/vivado_project_dtu/crossbar/crossbar.srcs/sim_1/new/crossbar_tb.vhd" into library xil_defaultlib
INFO: [VRFC 10-3107] analyzing entity 'crossbar_tb'
INFO: [USF-XSim-69] 'compile' step finished in '1' seconds
INFO: [Vivado 12-5682] Launching behavioral simulation in 'C:/Users/giorg/Desktop/Github/Vivado/vivado_project_dtu/crossbar/crossbar.sim/sim_1/behav/xsim'
INFO: [USF-XSim-3] XSim::Elaborate design
INFO: [USF-XSim-61] Executing 'ELABORATE' step in 'C:/Users/giorg/Desktop/Github/Vivado/vivado_project_dtu/crossbar/crossbar.sim/sim_1/behav/xsim'
Vivado Simulator 2018.3
Copyright 1986-1999, 2001-2018 Xilinx, Inc. All Rights Reserved.
Running: C:/Xilinx/Vivado/2018.3/bin/unwrapped/win64.o/xelab.exe -wto 81f1f72a399c4e238831280f80e8e3d1 --incr --debug typical --relax --mt 2 -L xil_defaultlib -L secureip --snapshot crossbar_tb_behav xil_defaultlib.crossbar_tb -log elaborate.log 
Using 2 slave threads.
Starting static elaboration
WARNING: [VRFC 10-3009] 'blk_mem_gen_0' remains a black-box since it has no binding entity [C:/Users/giorg/Desktop/Github/Vivado/vivado_project_dtu/crossbar/crossbar.srcs/sources_1/new/newfifo.vhd:80]
Completed static elaboration
Starting simulation data flow analysis
Completed simulation data flow analysis
Time Resolution for simulation is 1ps
Compiling package std.standard
Compiling package std.textio
Compiling package ieee.std_logic_1164
Compiling package ieee.numeric_std
Compiling package unisim.vcomponents
Compiling package xil_defaultlib.switch_types
Compiling architecture behavioral of entity xil_defaultlib.newfifo [newfifo_default]
Compiling architecture behavioral of entity xil_defaultlib.crossbar [crossbar_default]
Compiling architecture sim of entity xil_defaultlib.crossbar_tb
Built simulation snapshot crossbar_tb_behav
INFO: [USF-XSim-69] 'elaborate' step finished in '2' seconds
Vivado Simulator 2018.3
Time resolution is 1 ps
Failure: Simulation Finished
Time: 240 ns  Iteration: 0  Process: /crossbar_tb/stim_proc  File: C:/Users/giorg/Desktop/Github/Vivado/vivado_project_dtu/crossbar/crossbar.srcs/sim_1/new/crossbar_tb.vhd
$finish called at time : 240 ns : File "C:/Users/giorg/Desktop/Github/Vivado/vivado_project_dtu/crossbar/crossbar.srcs/sim_1/new/crossbar_tb.vhd" Line 140
relaunch_sim: Time (s): cpu = 00:00:02 ; elapsed = 00:00:08 . Memory (MB): peak = 1327.098 ; gain = 0.000
relaunch_sim
INFO: [Vivado 12-5682] Launching behavioral simulation in 'C:/Users/giorg/Desktop/Github/Vivado/vivado_project_dtu/crossbar/crossbar.sim/sim_1/behav/xsim'
INFO: [SIM-utils-51] Simulation object is 'sim_1'
INFO: [SIM-utils-54] Inspecting design source files for 'crossbar_tb' in fileset 'sim_1'...
INFO: [USF-XSim-97] Finding global include files...
INFO: [USF-XSim-98] Fetching design files from 'sim_1'...
INFO: [USF-XSim-2] XSim::Compile design
INFO: [USF-XSim-61] Executing 'COMPILE and ANALYZE' step in 'C:/Users/giorg/Desktop/Github/Vivado/vivado_project_dtu/crossbar/crossbar.sim/sim_1/behav/xsim'
"xvhdl --incr --relax -prj crossbar_tb_vhdl.prj"
INFO: [VRFC 10-163] Analyzing VHDL file "C:/Users/giorg/Desktop/Github/Vivado/vivado_project_dtu/crossbar/crossbar.srcs/sources_1/new/crossbar.vhd" into library xil_defaultlib
INFO: [VRFC 10-3107] analyzing entity 'crossbar'
INFO: [VRFC 10-163] Analyzing VHDL file "C:/Users/giorg/Desktop/Github/Vivado/vivado_project_dtu/crossbar/crossbar.srcs/sim_1/new/crossbar_tb.vhd" into library xil_defaultlib
INFO: [VRFC 10-3107] analyzing entity 'crossbar_tb'
INFO: [USF-XSim-69] 'compile' step finished in '2' seconds
INFO: [Vivado 12-5682] Launching behavioral simulation in 'C:/Users/giorg/Desktop/Github/Vivado/vivado_project_dtu/crossbar/crossbar.sim/sim_1/behav/xsim'
INFO: [USF-XSim-3] XSim::Elaborate design
INFO: [USF-XSim-61] Executing 'ELABORATE' step in 'C:/Users/giorg/Desktop/Github/Vivado/vivado_project_dtu/crossbar/crossbar.sim/sim_1/behav/xsim'
Vivado Simulator 2018.3
Copyright 1986-1999, 2001-2018 Xilinx, Inc. All Rights Reserved.
Running: C:/Xilinx/Vivado/2018.3/bin/unwrapped/win64.o/xelab.exe -wto 81f1f72a399c4e238831280f80e8e3d1 --incr --debug typical --relax --mt 2 -L xil_defaultlib -L secureip --snapshot crossbar_tb_behav xil_defaultlib.crossbar_tb -log elaborate.log 
Using 2 slave threads.
Starting static elaboration
WARNING: [VRFC 10-3009] 'blk_mem_gen_0' remains a black-box since it has no binding entity [C:/Users/giorg/Desktop/Github/Vivado/vivado_project_dtu/crossbar/crossbar.srcs/sources_1/new/newfifo.vhd:80]
Completed static elaboration
Starting simulation data flow analysis
Completed simulation data flow analysis
Time Resolution for simulation is 1ps
Compiling package std.standard
Compiling package std.textio
Compiling package ieee.std_logic_1164
Compiling package ieee.numeric_std
Compiling package unisim.vcomponents
Compiling package xil_defaultlib.switch_types
Compiling architecture behavioral of entity xil_defaultlib.newfifo [newfifo_default]
Compiling architecture behavioral of entity xil_defaultlib.crossbar [crossbar_default]
Compiling architecture sim of entity xil_defaultlib.crossbar_tb
Built simulation snapshot crossbar_tb_behav
INFO: [USF-XSim-69] 'elaborate' step finished in '2' seconds
Vivado Simulator 2018.3
Time resolution is 1 ps
Failure: Simulation Finished
Time: 240 ns  Iteration: 0  Process: /crossbar_tb/stim_proc  File: C:/Users/giorg/Desktop/Github/Vivado/vivado_project_dtu/crossbar/crossbar.srcs/sim_1/new/crossbar_tb.vhd
$finish called at time : 240 ns : File "C:/Users/giorg/Desktop/Github/Vivado/vivado_project_dtu/crossbar/crossbar.srcs/sim_1/new/crossbar_tb.vhd" Line 140
relaunch_sim: Time (s): cpu = 00:00:02 ; elapsed = 00:00:08 . Memory (MB): peak = 1327.098 ; gain = 0.000
update_compile_order -fileset sources_1
close_sim
INFO: [Simtcl 6-16] Simulation closed
launch_simulation
INFO: [Vivado 12-5682] Launching behavioral simulation in 'C:/Users/giorg/Desktop/Github/Vivado/vivado_project_dtu/crossbar/crossbar.sim/sim_1/behav/xsim'
INFO: [SIM-utils-51] Simulation object is 'sim_1'
INFO: [SIM-utils-54] Inspecting design source files for 'crossbar_tb' in fileset 'sim_1'...
INFO: [USF-XSim-97] Finding global include files...
INFO: [USF-XSim-98] Fetching design files from 'sim_1'...
INFO: [USF-XSim-2] XSim::Compile design
INFO: [USF-XSim-61] Executing 'COMPILE and ANALYZE' step in 'C:/Users/giorg/Desktop/Github/Vivado/vivado_project_dtu/crossbar/crossbar.sim/sim_1/behav/xsim'
"xvhdl --incr --relax -prj crossbar_tb_vhdl.prj"
INFO: [VRFC 10-163] Analyzing VHDL file "C:/Users/giorg/Desktop/Github/Vivado/vivado_project_dtu/crossbar/crossbar.srcs/sources_1/new/crossbar.vhd" into library xil_defaultlib
INFO: [VRFC 10-3107] analyzing entity 'crossbar'
ERROR: [VRFC 10-2935] 'rd_en' is already declared in this region [C:/Users/giorg/Desktop/Github/Vivado/vivado_project_dtu/crossbar/crossbar.srcs/sources_1/new/crossbar.vhd:67]
ERROR: [VRFC 10-3782] unit 'behavioral' ignored due to previous errors [C:/Users/giorg/Desktop/Github/Vivado/vivado_project_dtu/crossbar/crossbar.srcs/sources_1/new/crossbar.vhd:57]
INFO: [VRFC 10-3070] VHDL file 'C:/Users/giorg/Desktop/Github/Vivado/vivado_project_dtu/crossbar/crossbar.srcs/sources_1/new/crossbar.vhd' ignored due to errors
INFO: [USF-XSim-69] 'compile' step finished in '2' seconds
INFO: [USF-XSim-99] Step results log file:'C:/Users/giorg/Desktop/Github/Vivado/vivado_project_dtu/crossbar/crossbar.sim/sim_1/behav/xsim/xvhdl.log'
ERROR: [USF-XSim-62] 'compile' step failed with error(s). Please check the Tcl console output or 'C:/Users/giorg/Desktop/Github/Vivado/vivado_project_dtu/crossbar/crossbar.sim/sim_1/behav/xsim/xvhdl.log' file for more information.
ERROR: [Vivado 12-4473] Detected error while running simulation. Please correct the issue and retry this operation.
ERROR: [Common 17-39] 'launch_simulation' failed due to earlier errors.
refresh_design
---------------------------------------------------------------------------------
Starting RTL Elaboration : Time (s): cpu = 00:00:03 ; elapsed = 00:00:02 . Memory (MB): peak = 1338.734 ; gain = 0.000
---------------------------------------------------------------------------------
ERROR: [Synth 8-989] rd_en is already declared in this region [C:/Users/giorg/Desktop/Github/Vivado/vivado_project_dtu/crossbar/crossbar.srcs/sources_1/new/crossbar.vhd:67]
INFO: [Synth 8-2810] unit behavioral ignored due to previous errors [C:/Users/giorg/Desktop/Github/Vivado/vivado_project_dtu/crossbar/crossbar.srcs/sources_1/new/crossbar.vhd:57]
---------------------------------------------------------------------------------
Finished RTL Elaboration : Time (s): cpu = 00:00:03 ; elapsed = 00:00:03 . Memory (MB): peak = 1360.824 ; gain = 22.090
---------------------------------------------------------------------------------
RTL Elaboration failed
ERROR: [Common 17-39] 'refresh_design' failed due to earlier errors.
refresh_design
---------------------------------------------------------------------------------
Starting RTL Elaboration : Time (s): cpu = 00:00:03 ; elapsed = 00:00:02 . Memory (MB): peak = 1365.906 ; gain = 0.000
---------------------------------------------------------------------------------
INFO: [Synth 8-638] synthesizing module 'crossbar' [C:/Users/giorg/Desktop/Github/Vivado/vivado_project_dtu/crossbar/crossbar.srcs/sources_1/new/crossbar.vhd:57]
INFO: [Synth 8-637] synthesizing blackbox instance 'buff_inst' of component 'newfifo' [C:/Users/giorg/Desktop/Github/Vivado/vivado_project_dtu/crossbar/crossbar.srcs/sources_1/new/crossbar.vhd:89]
INFO: [Synth 8-637] synthesizing blackbox instance 'buff_inst' of component 'newfifo' [C:/Users/giorg/Desktop/Github/Vivado/vivado_project_dtu/crossbar/crossbar.srcs/sources_1/new/crossbar.vhd:89]
INFO: [Synth 8-637] synthesizing blackbox instance 'buff_inst' of component 'newfifo' [C:/Users/giorg/Desktop/Github/Vivado/vivado_project_dtu/crossbar/crossbar.srcs/sources_1/new/crossbar.vhd:89]
INFO: [Synth 8-637] synthesizing blackbox instance 'buff_inst' of component 'newfifo' [C:/Users/giorg/Desktop/Github/Vivado/vivado_project_dtu/crossbar/crossbar.srcs/sources_1/new/crossbar.vhd:89]
Found Register slices driven by multiple sources
WARNING: [Synth 8-6426] Mix of Sync and Async assignments to register 'Fair_queuing_manager[0].tx_ctrl_reg' in module 'crossbar' in the same process may cause logic issues. 
 Please split the sync and async parts into different processes [C:/Users/giorg/Desktop/Github/Vivado/vivado_project_dtu/crossbar/crossbar.srcs/sources_1/new/crossbar.vhd:118]
WARNING: [Synth 8-6426] Mix of Sync and Async assignments to register 'Fair_queuing_manager[1].tx_ctrl_reg' in module 'crossbar' in the same process may cause logic issues. 
 Please split the sync and async parts into different processes [C:/Users/giorg/Desktop/Github/Vivado/vivado_project_dtu/crossbar/crossbar.srcs/sources_1/new/crossbar.vhd:118]
WARNING: [Synth 8-6426] Mix of Sync and Async assignments to register 'Fair_queuing_manager[2].tx_ctrl_reg' in module 'crossbar' in the same process may cause logic issues. 
 Please split the sync and async parts into different processes [C:/Users/giorg/Desktop/Github/Vivado/vivado_project_dtu/crossbar/crossbar.srcs/sources_1/new/crossbar.vhd:118]
WARNING: [Synth 8-6426] Mix of Sync and Async assignments to register 'Fair_queuing_manager[3].tx_ctrl_reg' in module 'crossbar' in the same process may cause logic issues. 
 Please split the sync and async parts into different processes [C:/Users/giorg/Desktop/Github/Vivado/vivado_project_dtu/crossbar/crossbar.srcs/sources_1/new/crossbar.vhd:118]
INFO: [Synth 8-256] done synthesizing module 'crossbar' (1#1) [C:/Users/giorg/Desktop/Github/Vivado/vivado_project_dtu/crossbar/crossbar.srcs/sources_1/new/crossbar.vhd:57]
---------------------------------------------------------------------------------
Finished RTL Elaboration : Time (s): cpu = 00:00:04 ; elapsed = 00:00:03 . Memory (MB): peak = 1365.906 ; gain = 0.000
---------------------------------------------------------------------------------

Report Check Netlist: 
+------+------------------+-------+---------+-------+------------------+
|      |Item              |Errors |Warnings |Status |Description       |
+------+------------------+-------+---------+-------+------------------+
|1     |multi_driven_nets |      0|        0|Passed |Multi driven nets |
+------+------------------+-------+---------+-------+------------------+
---------------------------------------------------------------------------------
Start Handling Custom Attributes
---------------------------------------------------------------------------------
---------------------------------------------------------------------------------
Finished Handling Custom Attributes : Time (s): cpu = 00:00:04 ; elapsed = 00:00:03 . Memory (MB): peak = 1365.906 ; gain = 0.000
---------------------------------------------------------------------------------
---------------------------------------------------------------------------------
Finished RTL Optimization Phase 1 : Time (s): cpu = 00:00:04 ; elapsed = 00:00:03 . Memory (MB): peak = 1365.906 ; gain = 0.000
---------------------------------------------------------------------------------
INFO: [Project 1-570] Preparing netlist for logic optimization

Processing XDC Constraints
Initializing timing engine
Completed Processing XDC Constraints

INFO: [Opt 31-138] Pushed 0 inverter(s) to 0 load pin(s).
refresh_design: Time (s): cpu = 00:00:11 ; elapsed = 00:00:09 . Memory (MB): peak = 1446.676 ; gain = 80.770
launch_simulation
INFO: [Vivado 12-5682] Launching behavioral simulation in 'C:/Users/giorg/Desktop/Github/Vivado/vivado_project_dtu/crossbar/crossbar.sim/sim_1/behav/xsim'
INFO: [SIM-utils-51] Simulation object is 'sim_1'
INFO: [SIM-utils-54] Inspecting design source files for 'crossbar_tb' in fileset 'sim_1'...
INFO: [USF-XSim-97] Finding global include files...
INFO: [USF-XSim-98] Fetching design files from 'sim_1'...
INFO: [USF-XSim-2] XSim::Compile design
INFO: [USF-XSim-61] Executing 'COMPILE and ANALYZE' step in 'C:/Users/giorg/Desktop/Github/Vivado/vivado_project_dtu/crossbar/crossbar.sim/sim_1/behav/xsim'
"xvhdl --incr --relax -prj crossbar_tb_vhdl.prj"
INFO: [VRFC 10-163] Analyzing VHDL file "C:/Users/giorg/Desktop/Github/Vivado/vivado_project_dtu/crossbar/crossbar.srcs/sources_1/new/crossbar.vhd" into library xil_defaultlib
INFO: [VRFC 10-3107] analyzing entity 'crossbar'
INFO: [VRFC 10-163] Analyzing VHDL file "C:/Users/giorg/Desktop/Github/Vivado/vivado_project_dtu/crossbar/crossbar.srcs/sim_1/new/crossbar_tb.vhd" into library xil_defaultlib
INFO: [VRFC 10-3107] analyzing entity 'crossbar_tb'
INFO: [USF-XSim-69] 'compile' step finished in '2' seconds
INFO: [USF-XSim-3] XSim::Elaborate design
INFO: [USF-XSim-61] Executing 'ELABORATE' step in 'C:/Users/giorg/Desktop/Github/Vivado/vivado_project_dtu/crossbar/crossbar.sim/sim_1/behav/xsim'
Vivado Simulator 2018.3
Copyright 1986-1999, 2001-2018 Xilinx, Inc. All Rights Reserved.
Running: C:/Xilinx/Vivado/2018.3/bin/unwrapped/win64.o/xelab.exe -wto 81f1f72a399c4e238831280f80e8e3d1 --incr --debug typical --relax --mt 2 -L xil_defaultlib -L secureip --snapshot crossbar_tb_behav xil_defaultlib.crossbar_tb -log elaborate.log 
Using 2 slave threads.
Starting static elaboration
WARNING: [VRFC 10-3009] 'blk_mem_gen_0' remains a black-box since it has no binding entity [C:/Users/giorg/Desktop/Github/Vivado/vivado_project_dtu/crossbar/crossbar.srcs/sources_1/new/newfifo.vhd:80]
Completed static elaboration
Starting simulation data flow analysis
Completed simulation data flow analysis
Time Resolution for simulation is 1ps
Compiling package std.standard
Compiling package std.textio
Compiling package ieee.std_logic_1164
Compiling package ieee.numeric_std
Compiling package unisim.vcomponents
Compiling package xil_defaultlib.switch_types
Compiling architecture behavioral of entity xil_defaultlib.newfifo [newfifo_default]
Compiling architecture behavioral of entity xil_defaultlib.crossbar [crossbar_default]
Compiling architecture sim of entity xil_defaultlib.crossbar_tb
Built simulation snapshot crossbar_tb_behav
INFO: [USF-XSim-69] 'elaborate' step finished in '2' seconds
INFO: [USF-XSim-4] XSim::Simulate design
INFO: [USF-XSim-61] Executing 'SIMULATE' step in 'C:/Users/giorg/Desktop/Github/Vivado/vivado_project_dtu/crossbar/crossbar.sim/sim_1/behav/xsim'
INFO: [USF-XSim-98] *** Running xsim
   with args "crossbar_tb_behav -key {Behavioral:sim_1:Functional:crossbar_tb} -tclbatch {crossbar_tb.tcl} -log {simulate.log}"
INFO: [USF-XSim-8] Loading simulator feature
Vivado Simulator 2018.3
Time resolution is 1 ps
source crossbar_tb.tcl
# set curr_wave [current_wave_config]
# if { [string length $curr_wave] == 0 } {
#   if { [llength [get_objects]] > 0} {
#     add_wave /
#     set_property needs_save false [current_wave_config]
#   } else {
#      send_msg_id Add_Wave-1 WARNING "No top level signals found. Simulator will start without a wave window. If you want to open a wave window go to 'File->New Waveform Configuration' or type 'create_wave_config' in the TCL console."
#   }
# }
# run 1000ns
Failure: Simulation Finished
Time: 240 ns  Iteration: 0  Process: /crossbar_tb/stim_proc  File: C:/Users/giorg/Desktop/Github/Vivado/vivado_project_dtu/crossbar/crossbar.srcs/sim_1/new/crossbar_tb.vhd
$finish called at time : 240 ns : File "C:/Users/giorg/Desktop/Github/Vivado/vivado_project_dtu/crossbar/crossbar.srcs/sim_1/new/crossbar_tb.vhd" Line 140
INFO: [USF-XSim-96] XSim completed. Design snapshot 'crossbar_tb_behav' loaded.
INFO: [USF-XSim-97] XSim simulation ran for 1000ns
launch_simulation: Time (s): cpu = 00:00:03 ; elapsed = 00:00:07 . Memory (MB): peak = 1534.867 ; gain = 7.027
relaunch_sim
INFO: [Vivado 12-5682] Launching behavioral simulation in 'C:/Users/giorg/Desktop/Github/Vivado/vivado_project_dtu/crossbar/crossbar.sim/sim_1/behav/xsim'
INFO: [SIM-utils-51] Simulation object is 'sim_1'
INFO: [SIM-utils-54] Inspecting design source files for 'crossbar_tb' in fileset 'sim_1'...
INFO: [USF-XSim-97] Finding global include files...
INFO: [USF-XSim-98] Fetching design files from 'sim_1'...
INFO: [USF-XSim-2] XSim::Compile design
INFO: [USF-XSim-61] Executing 'COMPILE and ANALYZE' step in 'C:/Users/giorg/Desktop/Github/Vivado/vivado_project_dtu/crossbar/crossbar.sim/sim_1/behav/xsim'
"xvhdl --incr --relax -prj crossbar_tb_vhdl.prj"
INFO: [USF-XSim-69] 'compile' step finished in '1' seconds
INFO: [Vivado 12-5682] Launching behavioral simulation in 'C:/Users/giorg/Desktop/Github/Vivado/vivado_project_dtu/crossbar/crossbar.sim/sim_1/behav/xsim'
INFO: [USF-XSim-3] XSim::Elaborate design
INFO: [USF-XSim-61] Executing 'ELABORATE' step in 'C:/Users/giorg/Desktop/Github/Vivado/vivado_project_dtu/crossbar/crossbar.sim/sim_1/behav/xsim'
Vivado Simulator 2018.3
Copyright 1986-1999, 2001-2018 Xilinx, Inc. All Rights Reserved.
Running: C:/Xilinx/Vivado/2018.3/bin/unwrapped/win64.o/xelab.exe -wto 81f1f72a399c4e238831280f80e8e3d1 --incr --debug typical --relax --mt 2 -L xil_defaultlib -L secureip --snapshot crossbar_tb_behav xil_defaultlib.crossbar_tb -log elaborate.log 
Using 2 slave threads.
Starting static elaboration
WARNING: [VRFC 10-3009] 'blk_mem_gen_0' remains a black-box since it has no binding entity [C:/Users/giorg/Desktop/Github/Vivado/vivado_project_dtu/crossbar/crossbar.srcs/sources_1/new/newfifo.vhd:80]
Completed static elaboration
INFO: [XSIM 43-4323] No Change in HDL. Linking previously generated obj files to create kernel
INFO: [USF-XSim-69] 'elaborate' step finished in '2' seconds
Vivado Simulator 2018.3
Time resolution is 1 ps
Failure: Simulation Finished
Time: 240 ns  Iteration: 0  Process: /crossbar_tb/stim_proc  File: C:/Users/giorg/Desktop/Github/Vivado/vivado_project_dtu/crossbar/crossbar.srcs/sim_1/new/crossbar_tb.vhd
$finish called at time : 240 ns : File "C:/Users/giorg/Desktop/Github/Vivado/vivado_project_dtu/crossbar/crossbar.srcs/sim_1/new/crossbar_tb.vhd" Line 140
relaunch_sim: Time (s): cpu = 00:00:01 ; elapsed = 00:00:06 . Memory (MB): peak = 1534.867 ; gain = 0.000
relaunch_sim
INFO: [Vivado 12-5682] Launching behavioral simulation in 'C:/Users/giorg/Desktop/Github/Vivado/vivado_project_dtu/crossbar/crossbar.sim/sim_1/behav/xsim'
INFO: [SIM-utils-51] Simulation object is 'sim_1'
INFO: [SIM-utils-54] Inspecting design source files for 'crossbar_tb' in fileset 'sim_1'...
INFO: [USF-XSim-97] Finding global include files...
INFO: [USF-XSim-98] Fetching design files from 'sim_1'...
INFO: [USF-XSim-2] XSim::Compile design
INFO: [USF-XSim-61] Executing 'COMPILE and ANALYZE' step in 'C:/Users/giorg/Desktop/Github/Vivado/vivado_project_dtu/crossbar/crossbar.sim/sim_1/behav/xsim'
"xvhdl --incr --relax -prj crossbar_tb_vhdl.prj"
INFO: [VRFC 10-163] Analyzing VHDL file "C:/Users/giorg/Desktop/Github/Vivado/vivado_project_dtu/crossbar/crossbar.srcs/sources_1/new/crossbar.vhd" into library xil_defaultlib
INFO: [VRFC 10-3107] analyzing entity 'crossbar'
INFO: [VRFC 10-163] Analyzing VHDL file "C:/Users/giorg/Desktop/Github/Vivado/vivado_project_dtu/crossbar/crossbar.srcs/sim_1/new/crossbar_tb.vhd" into library xil_defaultlib
INFO: [VRFC 10-3107] analyzing entity 'crossbar_tb'
INFO: [USF-XSim-69] 'compile' step finished in '1' seconds
INFO: [Vivado 12-5682] Launching behavioral simulation in 'C:/Users/giorg/Desktop/Github/Vivado/vivado_project_dtu/crossbar/crossbar.sim/sim_1/behav/xsim'
INFO: [USF-XSim-3] XSim::Elaborate design
INFO: [USF-XSim-61] Executing 'ELABORATE' step in 'C:/Users/giorg/Desktop/Github/Vivado/vivado_project_dtu/crossbar/crossbar.sim/sim_1/behav/xsim'
Vivado Simulator 2018.3
Copyright 1986-1999, 2001-2018 Xilinx, Inc. All Rights Reserved.
Running: C:/Xilinx/Vivado/2018.3/bin/unwrapped/win64.o/xelab.exe -wto 81f1f72a399c4e238831280f80e8e3d1 --incr --debug typical --relax --mt 2 -L xil_defaultlib -L secureip --snapshot crossbar_tb_behav xil_defaultlib.crossbar_tb -log elaborate.log 
Using 2 slave threads.
Starting static elaboration
WARNING: [VRFC 10-3009] 'blk_mem_gen_0' remains a black-box since it has no binding entity [C:/Users/giorg/Desktop/Github/Vivado/vivado_project_dtu/crossbar/crossbar.srcs/sources_1/new/newfifo.vhd:80]
Completed static elaboration
Starting simulation data flow analysis
Completed simulation data flow analysis
Time Resolution for simulation is 1ps
Compiling package std.standard
Compiling package std.textio
Compiling package ieee.std_logic_1164
Compiling package ieee.numeric_std
Compiling package unisim.vcomponents
Compiling package xil_defaultlib.switch_types
Compiling architecture behavioral of entity xil_defaultlib.newfifo [newfifo_default]
Compiling architecture behavioral of entity xil_defaultlib.crossbar [crossbar_default]
Compiling architecture sim of entity xil_defaultlib.crossbar_tb
Built simulation snapshot crossbar_tb_behav
INFO: [USF-XSim-69] 'elaborate' step finished in '2' seconds
Vivado Simulator 2018.3
Time resolution is 1 ps
Failure: Simulation Finished
Time: 240 ns  Iteration: 0  Process: /crossbar_tb/stim_proc  File: C:/Users/giorg/Desktop/Github/Vivado/vivado_project_dtu/crossbar/crossbar.srcs/sim_1/new/crossbar_tb.vhd
$finish called at time : 240 ns : File "C:/Users/giorg/Desktop/Github/Vivado/vivado_project_dtu/crossbar/crossbar.srcs/sim_1/new/crossbar_tb.vhd" Line 140
relaunch_sim: Time (s): cpu = 00:00:01 ; elapsed = 00:00:07 . Memory (MB): peak = 1534.867 ; gain = 0.000
relaunch_sim
INFO: [Vivado 12-5682] Launching behavioral simulation in 'C:/Users/giorg/Desktop/Github/Vivado/vivado_project_dtu/crossbar/crossbar.sim/sim_1/behav/xsim'
INFO: [SIM-utils-51] Simulation object is 'sim_1'
INFO: [SIM-utils-54] Inspecting design source files for 'crossbar_tb' in fileset 'sim_1'...
INFO: [USF-XSim-97] Finding global include files...
INFO: [USF-XSim-98] Fetching design files from 'sim_1'...
INFO: [USF-XSim-2] XSim::Compile design
INFO: [USF-XSim-61] Executing 'COMPILE and ANALYZE' step in 'C:/Users/giorg/Desktop/Github/Vivado/vivado_project_dtu/crossbar/crossbar.sim/sim_1/behav/xsim'
"xvhdl --incr --relax -prj crossbar_tb_vhdl.prj"
INFO: [VRFC 10-163] Analyzing VHDL file "C:/Users/giorg/Desktop/Github/Vivado/vivado_project_dtu/crossbar/crossbar.srcs/sources_1/new/crossbar.vhd" into library xil_defaultlib
INFO: [VRFC 10-3107] analyzing entity 'crossbar'
INFO: [VRFC 10-163] Analyzing VHDL file "C:/Users/giorg/Desktop/Github/Vivado/vivado_project_dtu/crossbar/crossbar.srcs/sim_1/new/crossbar_tb.vhd" into library xil_defaultlib
INFO: [VRFC 10-3107] analyzing entity 'crossbar_tb'
INFO: [USF-XSim-69] 'compile' step finished in '1' seconds
INFO: [Vivado 12-5682] Launching behavioral simulation in 'C:/Users/giorg/Desktop/Github/Vivado/vivado_project_dtu/crossbar/crossbar.sim/sim_1/behav/xsim'
INFO: [USF-XSim-3] XSim::Elaborate design
INFO: [USF-XSim-61] Executing 'ELABORATE' step in 'C:/Users/giorg/Desktop/Github/Vivado/vivado_project_dtu/crossbar/crossbar.sim/sim_1/behav/xsim'
Vivado Simulator 2018.3
Copyright 1986-1999, 2001-2018 Xilinx, Inc. All Rights Reserved.
Running: C:/Xilinx/Vivado/2018.3/bin/unwrapped/win64.o/xelab.exe -wto 81f1f72a399c4e238831280f80e8e3d1 --incr --debug typical --relax --mt 2 -L xil_defaultlib -L secureip --snapshot crossbar_tb_behav xil_defaultlib.crossbar_tb -log elaborate.log 
Using 2 slave threads.
Starting static elaboration
WARNING: [VRFC 10-3009] 'blk_mem_gen_0' remains a black-box since it has no binding entity [C:/Users/giorg/Desktop/Github/Vivado/vivado_project_dtu/crossbar/crossbar.srcs/sources_1/new/newfifo.vhd:80]
Completed static elaboration
Starting simulation data flow analysis
Completed simulation data flow analysis
Time Resolution for simulation is 1ps
Compiling package std.standard
Compiling package std.textio
Compiling package ieee.std_logic_1164
Compiling package ieee.numeric_std
Compiling package unisim.vcomponents
Compiling package xil_defaultlib.switch_types
Compiling architecture behavioral of entity xil_defaultlib.newfifo [newfifo_default]
Compiling architecture behavioral of entity xil_defaultlib.crossbar [crossbar_default]
Compiling architecture sim of entity xil_defaultlib.crossbar_tb
Built simulation snapshot crossbar_tb_behav
INFO: [USF-XSim-69] 'elaborate' step finished in '1' seconds
Vivado Simulator 2018.3
Time resolution is 1 ps
Failure: Simulation Finished
Time: 240 ns  Iteration: 0  Process: /crossbar_tb/stim_proc  File: C:/Users/giorg/Desktop/Github/Vivado/vivado_project_dtu/crossbar/crossbar.srcs/sim_1/new/crossbar_tb.vhd
$finish called at time : 240 ns : File "C:/Users/giorg/Desktop/Github/Vivado/vivado_project_dtu/crossbar/crossbar.srcs/sim_1/new/crossbar_tb.vhd" Line 140
relaunch_sim: Time (s): cpu = 00:00:00 ; elapsed = 00:00:06 . Memory (MB): peak = 1534.867 ; gain = 0.000
relaunch_sim
INFO: [Vivado 12-5682] Launching behavioral simulation in 'C:/Users/giorg/Desktop/Github/Vivado/vivado_project_dtu/crossbar/crossbar.sim/sim_1/behav/xsim'
INFO: [SIM-utils-51] Simulation object is 'sim_1'
INFO: [SIM-utils-54] Inspecting design source files for 'crossbar_tb' in fileset 'sim_1'...
INFO: [USF-XSim-97] Finding global include files...
INFO: [USF-XSim-98] Fetching design files from 'sim_1'...
INFO: [USF-XSim-2] XSim::Compile design
INFO: [USF-XSim-61] Executing 'COMPILE and ANALYZE' step in 'C:/Users/giorg/Desktop/Github/Vivado/vivado_project_dtu/crossbar/crossbar.sim/sim_1/behav/xsim'
"xvhdl --incr --relax -prj crossbar_tb_vhdl.prj"
INFO: [VRFC 10-163] Analyzing VHDL file "C:/Users/giorg/Desktop/Github/Vivado/vivado_project_dtu/crossbar/crossbar.srcs/sources_1/new/crossbar.vhd" into library xil_defaultlib
INFO: [VRFC 10-3107] analyzing entity 'crossbar'
INFO: [VRFC 10-163] Analyzing VHDL file "C:/Users/giorg/Desktop/Github/Vivado/vivado_project_dtu/crossbar/crossbar.srcs/sim_1/new/crossbar_tb.vhd" into library xil_defaultlib
INFO: [VRFC 10-3107] analyzing entity 'crossbar_tb'
INFO: [USF-XSim-69] 'compile' step finished in '1' seconds
INFO: [Vivado 12-5682] Launching behavioral simulation in 'C:/Users/giorg/Desktop/Github/Vivado/vivado_project_dtu/crossbar/crossbar.sim/sim_1/behav/xsim'
INFO: [USF-XSim-3] XSim::Elaborate design
INFO: [USF-XSim-61] Executing 'ELABORATE' step in 'C:/Users/giorg/Desktop/Github/Vivado/vivado_project_dtu/crossbar/crossbar.sim/sim_1/behav/xsim'
Vivado Simulator 2018.3
Copyright 1986-1999, 2001-2018 Xilinx, Inc. All Rights Reserved.
Running: C:/Xilinx/Vivado/2018.3/bin/unwrapped/win64.o/xelab.exe -wto 81f1f72a399c4e238831280f80e8e3d1 --incr --debug typical --relax --mt 2 -L xil_defaultlib -L secureip --snapshot crossbar_tb_behav xil_defaultlib.crossbar_tb -log elaborate.log 
Using 2 slave threads.
Starting static elaboration
WARNING: [VRFC 10-3009] 'blk_mem_gen_0' remains a black-box since it has no binding entity [C:/Users/giorg/Desktop/Github/Vivado/vivado_project_dtu/crossbar/crossbar.srcs/sources_1/new/newfifo.vhd:80]
Completed static elaboration
Starting simulation data flow analysis
Completed simulation data flow analysis
Time Resolution for simulation is 1ps
Compiling package std.standard
Compiling package std.textio
Compiling package ieee.std_logic_1164
Compiling package ieee.numeric_std
Compiling package unisim.vcomponents
Compiling package xil_defaultlib.switch_types
Compiling architecture behavioral of entity xil_defaultlib.newfifo [newfifo_default]
Compiling architecture behavioral of entity xil_defaultlib.crossbar [crossbar_default]
Compiling architecture sim of entity xil_defaultlib.crossbar_tb
Built simulation snapshot crossbar_tb_behav
INFO: [USF-XSim-69] 'elaborate' step finished in '1' seconds
Vivado Simulator 2018.3
Time resolution is 1 ps
Failure: Simulation Finished
Time: 240 ns  Iteration: 0  Process: /crossbar_tb/stim_proc  File: C:/Users/giorg/Desktop/Github/Vivado/vivado_project_dtu/crossbar/crossbar.srcs/sim_1/new/crossbar_tb.vhd
$finish called at time : 240 ns : File "C:/Users/giorg/Desktop/Github/Vivado/vivado_project_dtu/crossbar/crossbar.srcs/sim_1/new/crossbar_tb.vhd" Line 140
relaunch_sim: Time (s): cpu = 00:00:01 ; elapsed = 00:00:07 . Memory (MB): peak = 1534.867 ; gain = 0.000
relaunch_sim
INFO: [Vivado 12-5682] Launching behavioral simulation in 'C:/Users/giorg/Desktop/Github/Vivado/vivado_project_dtu/crossbar/crossbar.sim/sim_1/behav/xsim'
INFO: [SIM-utils-51] Simulation object is 'sim_1'
INFO: [SIM-utils-54] Inspecting design source files for 'crossbar_tb' in fileset 'sim_1'...
INFO: [USF-XSim-97] Finding global include files...
INFO: [USF-XSim-98] Fetching design files from 'sim_1'...
INFO: [USF-XSim-2] XSim::Compile design
INFO: [USF-XSim-61] Executing 'COMPILE and ANALYZE' step in 'C:/Users/giorg/Desktop/Github/Vivado/vivado_project_dtu/crossbar/crossbar.sim/sim_1/behav/xsim'
"xvhdl --incr --relax -prj crossbar_tb_vhdl.prj"
INFO: [VRFC 10-163] Analyzing VHDL file "C:/Users/giorg/Desktop/Github/Vivado/vivado_project_dtu/crossbar/crossbar.srcs/sources_1/new/crossbar.vhd" into library xil_defaultlib
INFO: [VRFC 10-3107] analyzing entity 'crossbar'
INFO: [VRFC 10-163] Analyzing VHDL file "C:/Users/giorg/Desktop/Github/Vivado/vivado_project_dtu/crossbar/crossbar.srcs/sim_1/new/crossbar_tb.vhd" into library xil_defaultlib
INFO: [VRFC 10-3107] analyzing entity 'crossbar_tb'
INFO: [USF-XSim-69] 'compile' step finished in '1' seconds
INFO: [Vivado 12-5682] Launching behavioral simulation in 'C:/Users/giorg/Desktop/Github/Vivado/vivado_project_dtu/crossbar/crossbar.sim/sim_1/behav/xsim'
INFO: [USF-XSim-3] XSim::Elaborate design
INFO: [USF-XSim-61] Executing 'ELABORATE' step in 'C:/Users/giorg/Desktop/Github/Vivado/vivado_project_dtu/crossbar/crossbar.sim/sim_1/behav/xsim'
Vivado Simulator 2018.3
Copyright 1986-1999, 2001-2018 Xilinx, Inc. All Rights Reserved.
Running: C:/Xilinx/Vivado/2018.3/bin/unwrapped/win64.o/xelab.exe -wto 81f1f72a399c4e238831280f80e8e3d1 --incr --debug typical --relax --mt 2 -L xil_defaultlib -L secureip --snapshot crossbar_tb_behav xil_defaultlib.crossbar_tb -log elaborate.log 
Using 2 slave threads.
Starting static elaboration
WARNING: [VRFC 10-3009] 'blk_mem_gen_0' remains a black-box since it has no binding entity [C:/Users/giorg/Desktop/Github/Vivado/vivado_project_dtu/crossbar/crossbar.srcs/sources_1/new/newfifo.vhd:80]
Completed static elaboration
Starting simulation data flow analysis
Completed simulation data flow analysis
Time Resolution for simulation is 1ps
Compiling package std.standard
Compiling package std.textio
Compiling package ieee.std_logic_1164
Compiling package ieee.numeric_std
Compiling package unisim.vcomponents
Compiling package xil_defaultlib.switch_types
Compiling architecture behavioral of entity xil_defaultlib.newfifo [newfifo_default]
Compiling architecture behavioral of entity xil_defaultlib.crossbar [crossbar_default]
Compiling architecture sim of entity xil_defaultlib.crossbar_tb
Built simulation snapshot crossbar_tb_behav
INFO: [USF-XSim-69] 'elaborate' step finished in '1' seconds
Vivado Simulator 2018.3
Time resolution is 1 ps
Failure: Simulation Finished
Time: 240 ns  Iteration: 0  Process: /crossbar_tb/stim_proc  File: C:/Users/giorg/Desktop/Github/Vivado/vivado_project_dtu/crossbar/crossbar.srcs/sim_1/new/crossbar_tb.vhd
$finish called at time : 240 ns : File "C:/Users/giorg/Desktop/Github/Vivado/vivado_project_dtu/crossbar/crossbar.srcs/sim_1/new/crossbar_tb.vhd" Line 140
relaunch_sim
INFO: [Vivado 12-5682] Launching behavioral simulation in 'C:/Users/giorg/Desktop/Github/Vivado/vivado_project_dtu/crossbar/crossbar.sim/sim_1/behav/xsim'
INFO: [SIM-utils-51] Simulation object is 'sim_1'
INFO: [SIM-utils-54] Inspecting design source files for 'crossbar_tb' in fileset 'sim_1'...
INFO: [USF-XSim-97] Finding global include files...
INFO: [USF-XSim-98] Fetching design files from 'sim_1'...
INFO: [USF-XSim-2] XSim::Compile design
INFO: [USF-XSim-61] Executing 'COMPILE and ANALYZE' step in 'C:/Users/giorg/Desktop/Github/Vivado/vivado_project_dtu/crossbar/crossbar.sim/sim_1/behav/xsim'
"xvhdl --incr --relax -prj crossbar_tb_vhdl.prj"
INFO: [VRFC 10-163] Analyzing VHDL file "C:/Users/giorg/Desktop/Github/Vivado/vivado_project_dtu/crossbar/crossbar.srcs/sources_1/new/crossbar.vhd" into library xil_defaultlib
INFO: [VRFC 10-3107] analyzing entity 'crossbar'
INFO: [VRFC 10-163] Analyzing VHDL file "C:/Users/giorg/Desktop/Github/Vivado/vivado_project_dtu/crossbar/crossbar.srcs/sim_1/new/crossbar_tb.vhd" into library xil_defaultlib
INFO: [VRFC 10-3107] analyzing entity 'crossbar_tb'
INFO: [USF-XSim-69] 'compile' step finished in '1' seconds
INFO: [Vivado 12-5682] Launching behavioral simulation in 'C:/Users/giorg/Desktop/Github/Vivado/vivado_project_dtu/crossbar/crossbar.sim/sim_1/behav/xsim'
INFO: [USF-XSim-3] XSim::Elaborate design
INFO: [USF-XSim-61] Executing 'ELABORATE' step in 'C:/Users/giorg/Desktop/Github/Vivado/vivado_project_dtu/crossbar/crossbar.sim/sim_1/behav/xsim'
Vivado Simulator 2018.3
Copyright 1986-1999, 2001-2018 Xilinx, Inc. All Rights Reserved.
Running: C:/Xilinx/Vivado/2018.3/bin/unwrapped/win64.o/xelab.exe -wto 81f1f72a399c4e238831280f80e8e3d1 --incr --debug typical --relax --mt 2 -L xil_defaultlib -L secureip --snapshot crossbar_tb_behav xil_defaultlib.crossbar_tb -log elaborate.log 
Using 2 slave threads.
Starting static elaboration
WARNING: [VRFC 10-3009] 'blk_mem_gen_0' remains a black-box since it has no binding entity [C:/Users/giorg/Desktop/Github/Vivado/vivado_project_dtu/crossbar/crossbar.srcs/sources_1/new/newfifo.vhd:80]
Completed static elaboration
Starting simulation data flow analysis
Completed simulation data flow analysis
Time Resolution for simulation is 1ps
Compiling package std.standard
Compiling package std.textio
Compiling package ieee.std_logic_1164
Compiling package ieee.numeric_std
Compiling package unisim.vcomponents
Compiling package xil_defaultlib.switch_types
Compiling architecture behavioral of entity xil_defaultlib.newfifo [newfifo_default]
Compiling architecture behavioral of entity xil_defaultlib.crossbar [crossbar_default]
Compiling architecture sim of entity xil_defaultlib.crossbar_tb
Built simulation snapshot crossbar_tb_behav
INFO: [USF-XSim-69] 'elaborate' step finished in '1' seconds
Vivado Simulator 2018.3
Time resolution is 1 ps
Failure: Simulation Finished
Time: 240 ns  Iteration: 0  Process: /crossbar_tb/stim_proc  File: C:/Users/giorg/Desktop/Github/Vivado/vivado_project_dtu/crossbar/crossbar.srcs/sim_1/new/crossbar_tb.vhd
$finish called at time : 240 ns : File "C:/Users/giorg/Desktop/Github/Vivado/vivado_project_dtu/crossbar/crossbar.srcs/sim_1/new/crossbar_tb.vhd" Line 140
relaunch_sim: Time (s): cpu = 00:00:01 ; elapsed = 00:00:07 . Memory (MB): peak = 1534.867 ; gain = 0.000
relaunch_sim
INFO: [Vivado 12-5682] Launching behavioral simulation in 'C:/Users/giorg/Desktop/Github/Vivado/vivado_project_dtu/crossbar/crossbar.sim/sim_1/behav/xsim'
INFO: [SIM-utils-51] Simulation object is 'sim_1'
INFO: [SIM-utils-54] Inspecting design source files for 'crossbar_tb' in fileset 'sim_1'...
INFO: [USF-XSim-97] Finding global include files...
INFO: [USF-XSim-98] Fetching design files from 'sim_1'...
INFO: [USF-XSim-2] XSim::Compile design
INFO: [USF-XSim-61] Executing 'COMPILE and ANALYZE' step in 'C:/Users/giorg/Desktop/Github/Vivado/vivado_project_dtu/crossbar/crossbar.sim/sim_1/behav/xsim'
"xvhdl --incr --relax -prj crossbar_tb_vhdl.prj"
INFO: [VRFC 10-163] Analyzing VHDL file "C:/Users/giorg/Desktop/Github/Vivado/vivado_project_dtu/crossbar/crossbar.srcs/sources_1/new/crossbar.vhd" into library xil_defaultlib
INFO: [VRFC 10-3107] analyzing entity 'crossbar'
INFO: [VRFC 10-163] Analyzing VHDL file "C:/Users/giorg/Desktop/Github/Vivado/vivado_project_dtu/crossbar/crossbar.srcs/sim_1/new/crossbar_tb.vhd" into library xil_defaultlib
INFO: [VRFC 10-3107] analyzing entity 'crossbar_tb'
INFO: [USF-XSim-69] 'compile' step finished in '2' seconds
INFO: [Vivado 12-5682] Launching behavioral simulation in 'C:/Users/giorg/Desktop/Github/Vivado/vivado_project_dtu/crossbar/crossbar.sim/sim_1/behav/xsim'
INFO: [USF-XSim-3] XSim::Elaborate design
INFO: [USF-XSim-61] Executing 'ELABORATE' step in 'C:/Users/giorg/Desktop/Github/Vivado/vivado_project_dtu/crossbar/crossbar.sim/sim_1/behav/xsim'
Vivado Simulator 2018.3
Copyright 1986-1999, 2001-2018 Xilinx, Inc. All Rights Reserved.
Running: C:/Xilinx/Vivado/2018.3/bin/unwrapped/win64.o/xelab.exe -wto 81f1f72a399c4e238831280f80e8e3d1 --incr --debug typical --relax --mt 2 -L xil_defaultlib -L secureip --snapshot crossbar_tb_behav xil_defaultlib.crossbar_tb -log elaborate.log 
Using 2 slave threads.
Starting static elaboration
WARNING: [VRFC 10-3009] 'blk_mem_gen_0' remains a black-box since it has no binding entity [C:/Users/giorg/Desktop/Github/Vivado/vivado_project_dtu/crossbar/crossbar.srcs/sources_1/new/newfifo.vhd:80]
Completed static elaboration
Starting simulation data flow analysis
Completed simulation data flow analysis
ERROR: [XSIM 43-3249] File C:/Users/giorg/Desktop/Github/Vivado/vivado_project_dtu/crossbar/crossbar.srcs/sources_1/new/crossbar.vhd, line 63. Unresolved signal "selected_input" is multiply driven.
INFO: [USF-XSim-69] 'elaborate' step finished in '1' seconds
INFO: [USF-XSim-99] Step results log file:'C:/Users/giorg/Desktop/Github/Vivado/vivado_project_dtu/crossbar/crossbar.sim/sim_1/behav/xsim/elaborate.log'
ERROR: [USF-XSim-62] 'elaborate' step failed with error(s). Please check the Tcl console output or 'C:/Users/giorg/Desktop/Github/Vivado/vivado_project_dtu/crossbar/crossbar.sim/sim_1/behav/xsim/elaborate.log' file for more information.
ERROR: [Vivado 12-4473] Detected error while running simulation. Please correct the issue and retry this operation.
ERROR: [Common 17-39] 'launch_simulation' failed due to earlier errors.
ERROR: [Common 17-69] Command failed: ERROR: [Common 17-39] 'launch_simulation' failed due to earlier errors.

relaunch_sim
INFO: [Vivado 12-5682] Launching behavioral simulation in 'C:/Users/giorg/Desktop/Github/Vivado/vivado_project_dtu/crossbar/crossbar.sim/sim_1/behav/xsim'
INFO: [SIM-utils-51] Simulation object is 'sim_1'
INFO: [SIM-utils-54] Inspecting design source files for 'crossbar_tb' in fileset 'sim_1'...
INFO: [USF-XSim-97] Finding global include files...
INFO: [USF-XSim-98] Fetching design files from 'sim_1'...
INFO: [USF-XSim-2] XSim::Compile design
INFO: [USF-XSim-61] Executing 'COMPILE and ANALYZE' step in 'C:/Users/giorg/Desktop/Github/Vivado/vivado_project_dtu/crossbar/crossbar.sim/sim_1/behav/xsim'
"xvhdl --incr --relax -prj crossbar_tb_vhdl.prj"
INFO: [VRFC 10-163] Analyzing VHDL file "C:/Users/giorg/Desktop/Github/Vivado/vivado_project_dtu/crossbar/crossbar.srcs/sources_1/new/crossbar.vhd" into library xil_defaultlib
INFO: [VRFC 10-3107] analyzing entity 'crossbar'
INFO: [VRFC 10-163] Analyzing VHDL file "C:/Users/giorg/Desktop/Github/Vivado/vivado_project_dtu/crossbar/crossbar.srcs/sim_1/new/crossbar_tb.vhd" into library xil_defaultlib
INFO: [VRFC 10-3107] analyzing entity 'crossbar_tb'
INFO: [USF-XSim-69] 'compile' step finished in '1' seconds
INFO: [Vivado 12-5682] Launching behavioral simulation in 'C:/Users/giorg/Desktop/Github/Vivado/vivado_project_dtu/crossbar/crossbar.sim/sim_1/behav/xsim'
INFO: [USF-XSim-3] XSim::Elaborate design
INFO: [USF-XSim-61] Executing 'ELABORATE' step in 'C:/Users/giorg/Desktop/Github/Vivado/vivado_project_dtu/crossbar/crossbar.sim/sim_1/behav/xsim'
Vivado Simulator 2018.3
Copyright 1986-1999, 2001-2018 Xilinx, Inc. All Rights Reserved.
Running: C:/Xilinx/Vivado/2018.3/bin/unwrapped/win64.o/xelab.exe -wto 81f1f72a399c4e238831280f80e8e3d1 --incr --debug typical --relax --mt 2 -L xil_defaultlib -L secureip --snapshot crossbar_tb_behav xil_defaultlib.crossbar_tb -log elaborate.log 
Using 2 slave threads.
Starting static elaboration
WARNING: [VRFC 10-3009] 'blk_mem_gen_0' remains a black-box since it has no binding entity [C:/Users/giorg/Desktop/Github/Vivado/vivado_project_dtu/crossbar/crossbar.srcs/sources_1/new/newfifo.vhd:80]
Completed static elaboration
Starting simulation data flow analysis
Completed simulation data flow analysis
Time Resolution for simulation is 1ps
Compiling package std.standard
Compiling package std.textio
Compiling package ieee.std_logic_1164
Compiling package ieee.numeric_std
Compiling package unisim.vcomponents
Compiling package xil_defaultlib.switch_types
Compiling architecture behavioral of entity xil_defaultlib.newfifo [newfifo_default]
Compiling architecture behavioral of entity xil_defaultlib.crossbar [crossbar_default]
Compiling architecture sim of entity xil_defaultlib.crossbar_tb
Built simulation snapshot crossbar_tb_behav
INFO: [USF-XSim-69] 'elaborate' step finished in '3' seconds
Vivado Simulator 2018.3
Time resolution is 1 ps
Failure: Simulation Finished
Time: 240 ns  Iteration: 0  Process: /crossbar_tb/stim_proc  File: C:/Users/giorg/Desktop/Github/Vivado/vivado_project_dtu/crossbar/crossbar.srcs/sim_1/new/crossbar_tb.vhd
$finish called at time : 240 ns : File "C:/Users/giorg/Desktop/Github/Vivado/vivado_project_dtu/crossbar/crossbar.srcs/sim_1/new/crossbar_tb.vhd" Line 140
relaunch_sim: Time (s): cpu = 00:00:01 ; elapsed = 00:00:08 . Memory (MB): peak = 1534.867 ; gain = 0.000
close_sim
INFO: [Simtcl 6-16] Simulation closed
exit
INFO: [Common 17-206] Exiting Vivado at Wed Apr 22 15:47:22 2026...
