#-----------------------------------------------------------
# Vivado v2018.3 (64-bit)
# SW Build 2405991 on Thu Dec  6 23:38:27 MST 2018
# IP Build 2404404 on Fri Dec  7 01:43:56 MST 2018
# Start of session at: Sat Apr 18 10:42:06 2026
# Process ID: 3460
# Current directory: C:/Users/giorg/Desktop/Github/Vivado/vivado_project_dtu/crossbar
# Command line: vivado.exe -gui_launcher_event rodinguilauncherevent10264 C:\Users\giorg\Desktop\Github\Vivado\vivado_project_dtu\crossbar\crossbar.xpr
# Log file: C:/Users/giorg/Desktop/Github/Vivado/vivado_project_dtu/crossbar/vivado.log
# Journal file: C:/Users/giorg/Desktop/Github/Vivado/vivado_project_dtu/crossbar\vivado.jou
#-----------------------------------------------------------
start_gui
open_project C:/Users/giorg/Desktop/Github/Vivado/vivado_project_dtu/crossbar/crossbar.xpr
Scanning sources...
Finished scanning sources
INFO: [IP_Flow 19-234] Refreshing IP repositories
INFO: [IP_Flow 19-1704] No user IP repositories specified
INFO: [IP_Flow 19-2313] Loaded Vivado IP repository 'C:/Xilinx/Vivado/2018.3/data/ip'.
open_project: Time (s): cpu = 00:00:20 ; elapsed = 00:00:10 . Memory (MB): peak = 627.199 ; gain = 47.645
update_compile_order -fileset sources_1
exit
INFO: [Common 17-206] Exiting Vivado at Sat Apr 18 10:44:19 2026...
