Copyright 1986-2018 Xilinx, Inc. All Rights Reserved.
--------------------------------------------------------------------------------------------------------------------------------------------------------------------
| Tool Version : Vivado v.2018.3 (win64) Build 2405991 Thu Dec  6 23:38:27 MST 2018
| Date         : Tue Mar 10 15:42:46 2026
| Host         : DESKTOP-LB7VOFM running 64-bit major release  (build 9200)
| Command      : report_methodology -file async_fifo_methodology_drc_routed.rpt -pb async_fifo_methodology_drc_routed.pb -rpx async_fifo_methodology_drc_routed.rpx
| Design       : async_fifo
| Device       : xc7a12ticsg325-1L
| Speed File   : -1L
| Design State : Fully Routed
--------------------------------------------------------------------------------------------------------------------------------------------------------------------

Report Methodology

Table of Contents
-----------------
1. REPORT SUMMARY
2. REPORT DETAILS

1. REPORT SUMMARY
-----------------
            Netlist: netlist
          Floorplan: design_1
      Design limits: <entire design considered>
             Max violations: <unlimited>
             Violations found: 30
+-----------+----------+----------------------------------+------------+
| Rule      | Severity | Description                      | Violations |
+-----------+----------+----------------------------------+------------+
| TIMING-10 | Warning  | Missing property on synchronizer | 1          |
| TIMING-18 | Warning  | Missing input or output delay    | 29         |
+-----------+----------+----------------------------------+------------+

2. REPORT DETAILS
-----------------
TIMING-10#1 Warning
Missing property on synchronizer  
One or more logic synchronizer has been detected between 2 clock domains but the synchronizer does not have the property ASYNC_REG defined on one or both registers. It is recommended to run report_cdc for a complete and detailed CDC coverage
Related violations: <none>

TIMING-18#1 Warning
Missing input or output delay  
An input delay is missing on read_enable relative to clock(s) clk_read
Related violations: <none>

TIMING-18#2 Warning
Missing input or output delay  
An input delay is missing on reset relative to clock(s) clk_read, clk_write
Related violations: <none>

TIMING-18#3 Warning
Missing input or output delay  
An input delay is missing on write_data_in[0] relative to clock(s) clk_write
Related violations: <none>

TIMING-18#4 Warning
Missing input or output delay  
An input delay is missing on write_data_in[1] relative to clock(s) clk_write
Related violations: <none>

TIMING-18#5 Warning
Missing input or output delay  
An input delay is missing on write_data_in[2] relative to clock(s) clk_write
Related violations: <none>

TIMING-18#6 Warning
Missing input or output delay  
An input delay is missing on write_data_in[3] relative to clock(s) clk_write
Related violations: <none>

TIMING-18#7 Warning
Missing input or output delay  
An input delay is missing on write_data_in[4] relative to clock(s) clk_write
Related violations: <none>

TIMING-18#8 Warning
Missing input or output delay  
An input delay is missing on write_data_in[5] relative to clock(s) clk_write
Related violations: <none>

TIMING-18#9 Warning
Missing input or output delay  
An input delay is missing on write_data_in[6] relative to clock(s) clk_write
Related violations: <none>

TIMING-18#10 Warning
Missing input or output delay  
An input delay is missing on write_data_in[7] relative to clock(s) clk_write
Related violations: <none>

TIMING-18#11 Warning
Missing input or output delay  
An input delay is missing on write_enable relative to clock(s) clk_write
Related violations: <none>

TIMING-18#12 Warning
Missing input or output delay  
An output delay is missing on fifo_occu_in[0] relative to clock(s) clk_write
Related violations: <none>

TIMING-18#13 Warning
Missing input or output delay  
An output delay is missing on fifo_occu_in[1] relative to clock(s) clk_write
Related violations: <none>

TIMING-18#14 Warning
Missing input or output delay  
An output delay is missing on fifo_occu_in[2] relative to clock(s) clk_write
Related violations: <none>

TIMING-18#15 Warning
Missing input or output delay  
An output delay is missing on fifo_occu_in[3] relative to clock(s) clk_write
Related violations: <none>

TIMING-18#16 Warning
Missing input or output delay  
An output delay is missing on fifo_occu_in[4] relative to clock(s) clk_write
Related violations: <none>

TIMING-18#17 Warning
Missing input or output delay  
An output delay is missing on fifo_occu_out[0] relative to clock(s) clk_read
Related violations: <none>

TIMING-18#18 Warning
Missing input or output delay  
An output delay is missing on fifo_occu_out[1] relative to clock(s) clk_read
Related violations: <none>

TIMING-18#19 Warning
Missing input or output delay  
An output delay is missing on fifo_occu_out[2] relative to clock(s) clk_read
Related violations: <none>

TIMING-18#20 Warning
Missing input or output delay  
An output delay is missing on fifo_occu_out[3] relative to clock(s) clk_read
Related violations: <none>

TIMING-18#21 Warning
Missing input or output delay  
An output delay is missing on fifo_occu_out[4] relative to clock(s) clk_read
Related violations: <none>

TIMING-18#22 Warning
Missing input or output delay  
An output delay is missing on read_data_out[0] relative to clock(s) clk_read
Related violations: <none>

TIMING-18#23 Warning
Missing input or output delay  
An output delay is missing on read_data_out[1] relative to clock(s) clk_read
Related violations: <none>

TIMING-18#24 Warning
Missing input or output delay  
An output delay is missing on read_data_out[2] relative to clock(s) clk_read
Related violations: <none>

TIMING-18#25 Warning
Missing input or output delay  
An output delay is missing on read_data_out[3] relative to clock(s) clk_read
Related violations: <none>

TIMING-18#26 Warning
Missing input or output delay  
An output delay is missing on read_data_out[4] relative to clock(s) clk_read
Related violations: <none>

TIMING-18#27 Warning
Missing input or output delay  
An output delay is missing on read_data_out[5] relative to clock(s) clk_read
Related violations: <none>

TIMING-18#28 Warning
Missing input or output delay  
An output delay is missing on read_data_out[6] relative to clock(s) clk_read
Related violations: <none>

TIMING-18#29 Warning
Missing input or output delay  
An output delay is missing on read_data_out[7] relative to clock(s) clk_read
Related violations: <none>


