#-----------------------------------------------------------
# Vivado v2018.3 (64-bit)
# SW Build 2405991 on Thu Dec  6 23:38:27 MST 2018
# IP Build 2404404 on Fri Dec  7 01:43:56 MST 2018
# Start of session at: Tue Mar 31 09:07:37 2026
# Process ID: 23828
# Current directory: C:/Users/giorg/Desktop/Github/Vivado/vivado_project_dtu/async_FIFO
# Command line: vivado.exe -gui_launcher_event rodinguilauncherevent31560 C:\Users\giorg\Desktop\Github\Vivado\vivado_project_dtu\async_FIFO\async_FIFO.xpr
# Log file: C:/Users/giorg/Desktop/Github/Vivado/vivado_project_dtu/async_FIFO/vivado.log
# Journal file: C:/Users/giorg/Desktop/Github/Vivado/vivado_project_dtu/async_FIFO\vivado.jou
#-----------------------------------------------------------
start_gui
open_project C:/Users/giorg/Desktop/Github/Vivado/vivado_project_dtu/async_FIFO/async_FIFO.xpr
INFO: [Project 1-313] Project file moved from 'C:/Users/giorg/Desktop/async_FIFO' since last save.
Scanning sources...
Finished scanning sources
INFO: [IP_Flow 19-234] Refreshing IP repositories
INFO: [IP_Flow 19-1704] No user IP repositories specified
INFO: [IP_Flow 19-2313] Loaded Vivado IP repository 'C:/Xilinx/Vivado/2018.3/data/ip'.
open_project: Time (s): cpu = 00:00:25 ; elapsed = 00:00:13 . Memory (MB): peak = 669.438 ; gain = 84.656
update_compile_order -fileset sources_1
exit
INFO: [Common 17-206] Exiting Vivado at Tue Mar 31 11:45:33 2026...
