
*** Running vivado
    with args -log Adder_4bit.vds -m64 -product Vivado -mode batch -messageDb vivado.pb -notrace -source Adder_4bit.tcl


****** Vivado v2018.3 (64-bit)
  **** SW Build 2405991 on Thu Dec  6 23:38:27 MST 2018
  **** IP Build 2404404 on Fri Dec  7 01:43:56 MST 2018
    ** Copyright 1986-2018 Xilinx, Inc. All Rights Reserved.

source Adder_4bit.tcl -notrace
Command: synth_design -top Adder_4bit -part xc7a12ticsg325-1L
Starting synth_design
Attempting to get a license for feature 'Synthesis' and/or device 'xc7a12ti'
INFO: [Common 17-349] Got license for feature 'Synthesis' and/or device 'xc7a12ti'
INFO: Launching helper process for spawning children vivado processes
INFO: Helper process launched with PID 5316 
---------------------------------------------------------------------------------
Starting Synthesize : Time (s): cpu = 00:00:00 ; elapsed = 00:00:03 . Memory (MB): peak = 339.668 ; gain = 66.148
---------------------------------------------------------------------------------
INFO: [Synth 8-638] synthesizing module 'Adder_4bit' [C:/Users/giorg/Desktop/progettivivado/fulladder/fulladder.srcs/sources_1/new/lab2.vhd:43]
INFO: [Synth 8-3491] module 'full_adder' declared at 'C:/Users/giorg/Desktop/progettivivado/fulladder/fulladder.srcs/sources_1/new/fulladder.vhd:34' bound to instance 'full_adder_inst4' of component 'full_adder' [C:/Users/giorg/Desktop/progettivivado/fulladder/fulladder.srcs/sources_1/new/lab2.vhd:67]
INFO: [Synth 8-638] synthesizing module 'full_adder' [C:/Users/giorg/Desktop/progettivivado/fulladder/fulladder.srcs/sources_1/new/fulladder.vhd:45]
INFO: [Synth 8-3491] module 'half_adder' declared at 'C:/Users/giorg/Desktop/progettivivado/fulladder/fulladder.srcs/sources_1/new/halfadder.vhd:34' bound to instance 'half_adder_inst1' of component 'half_adder' [C:/Users/giorg/Desktop/progettivivado/fulladder/fulladder.srcs/sources_1/new/fulladder.vhd:59]
INFO: [Synth 8-638] synthesizing module 'half_adder' [C:/Users/giorg/Desktop/progettivivado/fulladder/fulladder.srcs/sources_1/new/halfadder.vhd:43]
INFO: [Synth 8-256] done synthesizing module 'half_adder' (1#1) [C:/Users/giorg/Desktop/progettivivado/fulladder/fulladder.srcs/sources_1/new/halfadder.vhd:43]
INFO: [Synth 8-3491] module 'half_adder' declared at 'C:/Users/giorg/Desktop/progettivivado/fulladder/fulladder.srcs/sources_1/new/halfadder.vhd:34' bound to instance 'half_adder_inst2' of component 'half_adder' [C:/Users/giorg/Desktop/progettivivado/fulladder/fulladder.srcs/sources_1/new/fulladder.vhd:66]
INFO: [Synth 8-256] done synthesizing module 'full_adder' (2#1) [C:/Users/giorg/Desktop/progettivivado/fulladder/fulladder.srcs/sources_1/new/fulladder.vhd:45]
INFO: [Synth 8-3491] module 'full_adder' declared at 'C:/Users/giorg/Desktop/progettivivado/fulladder/fulladder.srcs/sources_1/new/fulladder.vhd:34' bound to instance 'full_adder_inst3' of component 'full_adder' [C:/Users/giorg/Desktop/progettivivado/fulladder/fulladder.srcs/sources_1/new/lab2.vhd:76]
INFO: [Synth 8-3491] module 'full_adder' declared at 'C:/Users/giorg/Desktop/progettivivado/fulladder/fulladder.srcs/sources_1/new/fulladder.vhd:34' bound to instance 'full_adder_inst2' of component 'full_adder' [C:/Users/giorg/Desktop/progettivivado/fulladder/fulladder.srcs/sources_1/new/lab2.vhd:85]
INFO: [Synth 8-3491] module 'half_adder' declared at 'C:/Users/giorg/Desktop/progettivivado/fulladder/fulladder.srcs/sources_1/new/halfadder.vhd:34' bound to instance 'half_adder_inst1' of component 'half_adder' [C:/Users/giorg/Desktop/progettivivado/fulladder/fulladder.srcs/sources_1/new/lab2.vhd:94]
INFO: [Synth 8-256] done synthesizing module 'Adder_4bit' (3#1) [C:/Users/giorg/Desktop/progettivivado/fulladder/fulladder.srcs/sources_1/new/lab2.vhd:43]
---------------------------------------------------------------------------------
Finished Synthesize : Time (s): cpu = 00:00:01 ; elapsed = 00:00:04 . Memory (MB): peak = 395.160 ; gain = 121.641
---------------------------------------------------------------------------------
---------------------------------------------------------------------------------
Finished Constraint Validation : Time (s): cpu = 00:00:01 ; elapsed = 00:00:04 . Memory (MB): peak = 395.160 ; gain = 121.641
---------------------------------------------------------------------------------
---------------------------------------------------------------------------------
Start Loading Part and Timing Information
---------------------------------------------------------------------------------
Loading part: xc7a12ticsg325-1L
INFO: [Device 21-403] Loading part xc7a12ticsg325-1L
---------------------------------------------------------------------------------
Finished Loading Part and Timing Information : Time (s): cpu = 00:00:01 ; elapsed = 00:00:04 . Memory (MB): peak = 395.160 ; gain = 121.641
---------------------------------------------------------------------------------
---------------------------------------------------------------------------------
Finished RTL Optimization Phase 2 : Time (s): cpu = 00:00:01 ; elapsed = 00:00:04 . Memory (MB): peak = 395.160 ; gain = 121.641
---------------------------------------------------------------------------------

Report RTL Partitions: 
+-+--------------+------------+----------+
| |RTL Partition |Replication |Instances |
+-+--------------+------------+----------+
+-+--------------+------------+----------+
No constraint files found.
---------------------------------------------------------------------------------
Start RTL Component Statistics 
---------------------------------------------------------------------------------
Detailed RTL Component Info : 
+---XORs : 
	   2 Input      1 Bit         XORs := 7     
---------------------------------------------------------------------------------
Finished RTL Component Statistics 
---------------------------------------------------------------------------------
---------------------------------------------------------------------------------
Start RTL Hierarchical Component Statistics 
---------------------------------------------------------------------------------
Hierarchical RTL Component report 
Module half_adder 
Detailed RTL Component Info : 
+---XORs : 
	   2 Input      1 Bit         XORs := 1     
---------------------------------------------------------------------------------
Finished RTL Hierarchical Component Statistics
---------------------------------------------------------------------------------
---------------------------------------------------------------------------------
Start Part Resource Summary
---------------------------------------------------------------------------------
Part Resources:
DSPs: 40 (col length:40)
BRAMs: 40 (col length: RAMB18 40 RAMB36 20)
---------------------------------------------------------------------------------
Finished Part Resource Summary
---------------------------------------------------------------------------------
No constraint files found.
---------------------------------------------------------------------------------
Start Cross Boundary and Area Optimization
---------------------------------------------------------------------------------
Warning: Parallel synthesis criteria is not met 
---------------------------------------------------------------------------------
Finished Cross Boundary and Area Optimization : Time (s): cpu = 00:00:02 ; elapsed = 00:00:07 . Memory (MB): peak = 509.512 ; gain = 235.992
---------------------------------------------------------------------------------

Report RTL Partitions: 
+-+--------------+------------+----------+
| |RTL Partition |Replication |Instances |
+-+--------------+------------+----------+
+-+--------------+------------+----------+
No constraint files found.
---------------------------------------------------------------------------------
Start Timing Optimization
---------------------------------------------------------------------------------
---------------------------------------------------------------------------------
Finished Timing Optimization : Time (s): cpu = 00:00:02 ; elapsed = 00:00:07 . Memory (MB): peak = 509.512 ; gain = 235.992
---------------------------------------------------------------------------------

Report RTL Partitions: 
+-+--------------+------------+----------+
| |RTL Partition |Replication |Instances |
+-+--------------+------------+----------+
+-+--------------+------------+----------+
---------------------------------------------------------------------------------
Start Technology Mapping
---------------------------------------------------------------------------------
---------------------------------------------------------------------------------
Finished Technology Mapping : Time (s): cpu = 00:00:02 ; elapsed = 00:00:07 . Memory (MB): peak = 509.512 ; gain = 235.992
---------------------------------------------------------------------------------

Report RTL Partitions: 
+-+--------------+------------+----------+
| |RTL Partition |Replication |Instances |
+-+--------------+------------+----------+
+-+--------------+------------+----------+
---------------------------------------------------------------------------------
Start IO Insertion
---------------------------------------------------------------------------------
---------------------------------------------------------------------------------
Start Flattening Before IO Insertion
---------------------------------------------------------------------------------
---------------------------------------------------------------------------------
Finished Flattening Before IO Insertion
---------------------------------------------------------------------------------
---------------------------------------------------------------------------------
Start Final Netlist Cleanup
---------------------------------------------------------------------------------
---------------------------------------------------------------------------------
Finished Final Netlist Cleanup
---------------------------------------------------------------------------------
---------------------------------------------------------------------------------
Finished IO Insertion : Time (s): cpu = 00:00:03 ; elapsed = 00:00:08 . Memory (MB): peak = 509.512 ; gain = 235.992
---------------------------------------------------------------------------------

Report Check Netlist: 
+------+------------------+-------+---------+-------+------------------+
|      |Item              |Errors |Warnings |Status |Description       |
+------+------------------+-------+---------+-------+------------------+
|1     |multi_driven_nets |      0|        0|Passed |Multi driven nets |
+------+------------------+-------+---------+-------+------------------+
---------------------------------------------------------------------------------
Start Renaming Generated Instances
---------------------------------------------------------------------------------
---------------------------------------------------------------------------------
Finished Renaming Generated Instances : Time (s): cpu = 00:00:03 ; elapsed = 00:00:08 . Memory (MB): peak = 509.512 ; gain = 235.992
---------------------------------------------------------------------------------

Report RTL Partitions: 
+-+--------------+------------+----------+
| |RTL Partition |Replication |Instances |
+-+--------------+------------+----------+
+-+--------------+------------+----------+
---------------------------------------------------------------------------------
Start Rebuilding User Hierarchy
---------------------------------------------------------------------------------
---------------------------------------------------------------------------------
Finished Rebuilding User Hierarchy : Time (s): cpu = 00:00:03 ; elapsed = 00:00:08 . Memory (MB): peak = 509.512 ; gain = 235.992
---------------------------------------------------------------------------------
---------------------------------------------------------------------------------
Start Renaming Generated Ports
---------------------------------------------------------------------------------
---------------------------------------------------------------------------------
Finished Renaming Generated Ports : Time (s): cpu = 00:00:03 ; elapsed = 00:00:08 . Memory (MB): peak = 509.512 ; gain = 235.992
---------------------------------------------------------------------------------
---------------------------------------------------------------------------------
Start Handling Custom Attributes
---------------------------------------------------------------------------------
---------------------------------------------------------------------------------
Finished Handling Custom Attributes : Time (s): cpu = 00:00:03 ; elapsed = 00:00:08 . Memory (MB): peak = 509.512 ; gain = 235.992
---------------------------------------------------------------------------------
---------------------------------------------------------------------------------
Start Renaming Generated Nets
---------------------------------------------------------------------------------
---------------------------------------------------------------------------------
Finished Renaming Generated Nets : Time (s): cpu = 00:00:03 ; elapsed = 00:00:08 . Memory (MB): peak = 509.512 ; gain = 235.992
---------------------------------------------------------------------------------
---------------------------------------------------------------------------------
Start Writing Synthesis Report
---------------------------------------------------------------------------------

Report BlackBoxes: 
+-+--------------+----------+
| |BlackBox name |Instances |
+-+--------------+----------+
+-+--------------+----------+

Report Cell Usage: 
+------+-----+------+
|      |Cell |Count |
+------+-----+------+
|1     |LUT2 |     1|
|2     |LUT4 |     2|
|3     |LUT5 |     1|
|4     |LUT6 |     1|
|5     |IBUF |     8|
|6     |OBUF |     4|
+------+-----+------+

Report Instance Areas: 
+------+---------+-------+------+
|      |Instance |Module |Cells |
+------+---------+-------+------+
|1     |top      |       |    17|
+------+---------+-------+------+
---------------------------------------------------------------------------------
Finished Writing Synthesis Report : Time (s): cpu = 00:00:03 ; elapsed = 00:00:08 . Memory (MB): peak = 509.512 ; gain = 235.992
---------------------------------------------------------------------------------
Synthesis finished with 0 errors, 0 critical warnings and 0 warnings.
Synthesis Optimization Runtime : Time (s): cpu = 00:00:03 ; elapsed = 00:00:08 . Memory (MB): peak = 509.512 ; gain = 235.992
Synthesis Optimization Complete : Time (s): cpu = 00:00:03 ; elapsed = 00:00:08 . Memory (MB): peak = 509.512 ; gain = 235.992
INFO: [Project 1-571] Translating synthesized netlist
INFO: [Project 1-570] Preparing netlist for logic optimization
INFO: [Opt 31-138] Pushed 0 inverter(s) to 0 load pin(s).
Netlist sorting complete. Time (s): cpu = 00:00:00 ; elapsed = 00:00:00 . Memory (MB): peak = 602.934 ; gain = 0.000
INFO: [Project 1-111] Unisim Transformation Summary:
No Unisim elements were transformed.

INFO: [Common 17-83] Releasing license: Synthesis
19 Infos, 0 Warnings, 0 Critical Warnings and 0 Errors encountered.
synth_design completed successfully
synth_design: Time (s): cpu = 00:00:05 ; elapsed = 00:00:12 . Memory (MB): peak = 602.934 ; gain = 329.414
Netlist sorting complete. Time (s): cpu = 00:00:00 ; elapsed = 00:00:00 . Memory (MB): peak = 602.934 ; gain = 0.000
WARNING: [Constraints 18-5210] No constraints selected for write.
Resolution: This message can indicate that there are no constraints for the design, or it can indicate that the used_in flags are set such that the constraints are ignored. This later case is used when running synth_design to not write synthesis constraints to the resulting checkpoint. Instead, project constraints are read when the synthesized design is opened.
INFO: [Common 17-1381] The checkpoint 'C:/Users/giorg/Desktop/progettivivado/fulladder/fulladder.runs/synth_1/Adder_4bit.dcp' has been generated.
INFO: [runtcl-4] Executing : report_utilization -file Adder_4bit_utilization_synth.rpt -pb Adder_4bit_utilization_synth.pb
INFO: [Common 17-206] Exiting Vivado at Sat Oct 12 17:32:34 2024...
