Copyright 1986-2018 Xilinx, Inc. All Rights Reserved.
-----------------------------------------------------------------------------------------------------------------------------------------------------------------------------------------
| Tool Version : Vivado v.2018.3 (win64) Build 2405991 Thu Dec  6 23:38:27 MST 2018
| Date         : Wed Oct 23 13:53:37 2024
| Host         : DESKTOP-LB7VOFM running 64-bit major release  (build 9200)
| Command      : report_methodology -file ShiftRegisterSIPO_methodology_drc_routed.rpt -pb ShiftRegisterSIPO_methodology_drc_routed.pb -rpx ShiftRegisterSIPO_methodology_drc_routed.rpx
| Design       : ShiftRegisterSIPO
| Device       : xc7a12ticsg325-1L
| Speed File   : -1L
| Design State : Fully Routed
-----------------------------------------------------------------------------------------------------------------------------------------------------------------------------------------

Report Methodology

Table of Contents
-----------------
1. REPORT SUMMARY
2. REPORT DETAILS

1. REPORT SUMMARY
-----------------
            Netlist: netlist
          Floorplan: design_1
      Design limits: <entire design considered>
             Max violations: <unlimited>
             Violations found: 1
+-----------+----------+-----------------------------+------------+
| Rule      | Severity | Description                 | Violations |
+-----------+----------+-----------------------------+------------+
| TIMING-17 | Warning  | Non-clocked sequential cell | 1          |
+-----------+----------+-----------------------------+------------+

2. REPORT DETAILS
-----------------
TIMING-17#1 Warning
Non-clocked sequential cell  
The clock pin LOOP_GEN[0].ff_d_inst/q_int_reg/C is not reached by a timing clock
Related violations: <none>


