#-----------------------------------------------------------
# Vivado v2018.3 (64-bit)
# SW Build 2405991 on Thu Dec  6 23:38:27 MST 2018
# IP Build 2404404 on Fri Dec  7 01:43:56 MST 2018
# Start of session at: Wed Oct 23 11:05:49 2024
# Process ID: 14972
# Current directory: C:/Users/giorg/Desktop/progettivivado/shiftregister
# Command line: vivado.exe -gui_launcher_event rodinguilauncherevent18228 C:\Users\giorg\Desktop\progettivivado\shiftregister\shiftregister.xpr
# Log file: C:/Users/giorg/Desktop/progettivivado/shiftregister/vivado.log
# Journal file: C:/Users/giorg/Desktop/progettivivado/shiftregister\vivado.jou
#-----------------------------------------------------------
start_gui
open_project C:/Users/giorg/Desktop/progettivivado/shiftregister/shiftregister.xpr
Scanning sources...
Finished scanning sources
INFO: [IP_Flow 19-234] Refreshing IP repositories
INFO: [IP_Flow 19-1704] No user IP repositories specified
INFO: [IP_Flow 19-2313] Loaded Vivado IP repository 'C:/Xilinx/Vivado/2018.3/data/ip'.
update_compile_order -fileset sources_1
synth_design -rtl -name rtl_1
Command: synth_design -rtl -name rtl_1
Starting synth_design
Using part: xc7a12ticsg325-1L
Top: ShiftRegisterSIPO
---------------------------------------------------------------------------------
Starting RTL Elaboration : Time (s): cpu = 00:00:01 ; elapsed = 00:00:01 . Memory (MB): peak = 789.082 ; gain = 68.332
---------------------------------------------------------------------------------
INFO: [Synth 8-638] synthesizing module 'ShiftRegisterSIPO' [C:/Users/giorg/Desktop/progettivivado/shiftregister/shiftregister.srcs/sources_1/new/shiftregister.vhd:48]
	Parameter SR_WIDTH bound to: 4 - type: integer 
WARNING: [Synth 8-5640] Port 'reset' is missing in component declaration [C:/Users/giorg/Desktop/progettivivado/shiftregister/shiftregister.srcs/sources_1/new/shiftregister.vhd:49]
WARNING: [Synth 8-5640] Port 'clk' is missing in component declaration [C:/Users/giorg/Desktop/progettivivado/shiftregister/shiftregister.srcs/sources_1/new/shiftregister.vhd:49]
WARNING: [Synth 8-5640] Port 'q' is missing in component declaration [C:/Users/giorg/Desktop/progettivivado/shiftregister/shiftregister.srcs/sources_1/new/shiftregister.vhd:49]
INFO: [Synth 8-3491] module 'ff_d' declared at 'C:/Users/giorg/Desktop/progettivivado/shiftregister/shiftregister.srcs/sources_1/imports/02_-_ShiftRegisterSIPO/ff_d.vhd:4' bound to instance 'ff_d_inst' of component 'ff_d' [C:/Users/giorg/Desktop/progettivivado/shiftregister/shiftregister.srcs/sources_1/new/shiftregister.vhd:62]
ERROR: [Synth 8-3493] module 'ff_d' declared at 'C:/Users/giorg/Desktop/progettivivado/shiftregister/shiftregister.srcs/sources_1/imports/02_-_ShiftRegisterSIPO/ff_d.vhd:4' does not have matching formal port for component port 'clock' [C:/Users/giorg/Desktop/progettivivado/shiftregister/shiftregister.srcs/sources_1/new/shiftregister.vhd:62]
ERROR: [Synth 8-3493] module 'ff_d' declared at 'C:/Users/giorg/Desktop/progettivivado/shiftregister/shiftregister.srcs/sources_1/imports/02_-_ShiftRegisterSIPO/ff_d.vhd:4' does not have matching formal port for component port 'rst' [C:/Users/giorg/Desktop/progettivivado/shiftregister/shiftregister.srcs/sources_1/new/shiftregister.vhd:62]
ERROR: [Synth 8-3493] module 'ff_d' declared at 'C:/Users/giorg/Desktop/progettivivado/shiftregister/shiftregister.srcs/sources_1/imports/02_-_ShiftRegisterSIPO/ff_d.vhd:4' does not have matching formal port for component port 'ex' [C:/Users/giorg/Desktop/progettivivado/shiftregister/shiftregister.srcs/sources_1/new/shiftregister.vhd:62]
ERROR: [Synth 8-285] failed synthesizing module 'ShiftRegisterSIPO' [C:/Users/giorg/Desktop/progettivivado/shiftregister/shiftregister.srcs/sources_1/new/shiftregister.vhd:48]
---------------------------------------------------------------------------------
Finished RTL Elaboration : Time (s): cpu = 00:00:01 ; elapsed = 00:00:02 . Memory (MB): peak = 843.008 ; gain = 122.258
---------------------------------------------------------------------------------
RTL Elaboration failed
2 Infos, 3 Warnings, 0 Critical Warnings and 5 Errors encountered.
synth_design failed
ERROR: [Vivado_Tcl 4-5] Elaboration failed - please see the console for details
launch_runs synth_1 -jobs 6
[Wed Oct 23 11:07:23 2024] Launched synth_1...
Run output will be captured here: C:/Users/giorg/Desktop/progettivivado/shiftregister/shiftregister.runs/synth_1/runme.log
reset_run synth_1
launch_runs synth_1 -jobs 6
[Wed Oct 23 11:16:05 2024] Launched synth_1...
Run output will be captured here: C:/Users/giorg/Desktop/progettivivado/shiftregister/shiftregister.runs/synth_1/runme.log
reset_run synth_1
launch_runs synth_1 -jobs 6
[Wed Oct 23 11:19:17 2024] Launched synth_1...
Run output will be captured here: C:/Users/giorg/Desktop/progettivivado/shiftregister/shiftregister.runs/synth_1/runme.log
reset_run synth_1
launch_runs synth_1 -jobs 6
[Wed Oct 23 11:19:50 2024] Launched synth_1...
Run output will be captured here: C:/Users/giorg/Desktop/progettivivado/shiftregister/shiftregister.runs/synth_1/runme.log
reset_run synth_1
launch_runs synth_1 -jobs 6
[Wed Oct 23 11:20:34 2024] Launched synth_1...
Run output will be captured here: C:/Users/giorg/Desktop/progettivivado/shiftregister/shiftregister.runs/synth_1/runme.log
reset_run synth_1
launch_runs synth_1 -jobs 6
[Wed Oct 23 11:21:34 2024] Launched synth_1...
Run output will be captured here: C:/Users/giorg/Desktop/progettivivado/shiftregister/shiftregister.runs/synth_1/runme.log
reset_run synth_1
launch_runs synth_1 -jobs 6
[Wed Oct 23 11:21:59 2024] Launched synth_1...
Run output will be captured here: C:/Users/giorg/Desktop/progettivivado/shiftregister/shiftregister.runs/synth_1/runme.log
launch_runs impl_1 -jobs 6
[Wed Oct 23 11:22:27 2024] Launched impl_1...
Run output will be captured here: C:/Users/giorg/Desktop/progettivivado/shiftregister/shiftregister.runs/impl_1/runme.log
open_run impl_1
INFO: [Project 1-479] Netlist was created with Vivado 2018.3
INFO: [Device 21-403] Loading part xc7a12ticsg325-1L
INFO: [Project 1-570] Preparing netlist for logic optimization
Reading XDEF placement.
Reading placer database...
Reading XDEF routing.
Read XDEF File: Time (s): cpu = 00:00:00 ; elapsed = 00:00:00.027 . Memory (MB): peak = 1304.512 ; gain = 0.000
Restored from archive | CPU: 0.000000 secs | Memory: 0.000000 MB |
Finished XDEF File Restore: Time (s): cpu = 00:00:00 ; elapsed = 00:00:00.027 . Memory (MB): peak = 1304.512 ; gain = 0.000
Netlist sorting complete. Time (s): cpu = 00:00:00 ; elapsed = 00:00:00 . Memory (MB): peak = 1304.512 ; gain = 0.000
INFO: [Project 1-111] Unisim Transformation Summary:
No Unisim elements were transformed.

open_run: Time (s): cpu = 00:00:04 ; elapsed = 00:00:06 . Memory (MB): peak = 1304.512 ; gain = 0.000
WARNING: [Timing 38-313] There are no user specified timing constraints. Timing constraints are needed for proper timing analysis.
set_property SOURCE_SET sources_1 [get_filesets sim_1]
import_files -fileset sim_1 -norecurse C:/Users/giorg/Desktop/02_-_ShiftRegisterSIPO/top_sim.vhd
update_compile_order -fileset sim_1
update_compile_order -fileset sim_1
launch_simulation
INFO: [Vivado 12-5682] Launching behavioral simulation in 'C:/Users/giorg/Desktop/progettivivado/shiftregister/shiftregister.sim/sim_1/behav/xsim'
INFO: [SIM-utils-51] Simulation object is 'sim_1'
INFO: [SIM-utils-54] Inspecting design source files for 'top_sim' in fileset 'sim_1'...
INFO: [USF-XSim-97] Finding global include files...
INFO: [USF-XSim-98] Fetching design files from 'sim_1'...
INFO: [USF-XSim-2] XSim::Compile design
INFO: [USF-XSim-61] Executing 'COMPILE and ANALYZE' step in 'C:/Users/giorg/Desktop/progettivivado/shiftregister/shiftregister.sim/sim_1/behav/xsim'
"xvhdl --incr --relax -prj top_sim_vhdl.prj"
INFO: [VRFC 10-163] Analyzing VHDL file "C:/Users/giorg/Desktop/progettivivado/shiftregister/shiftregister.srcs/sources_1/imports/02_-_ShiftRegisterSIPO/ff_d.vhd" into library xil_defaultlib
INFO: [VRFC 10-3107] analyzing entity 'ff_d'
INFO: [VRFC 10-163] Analyzing VHDL file "C:/Users/giorg/Desktop/progettivivado/shiftregister/shiftregister.srcs/sources_1/new/shiftregister.vhd" into library xil_defaultlib
INFO: [VRFC 10-3107] analyzing entity 'ShiftRegisterSIPO'
INFO: [VRFC 10-163] Analyzing VHDL file "C:/Users/giorg/Desktop/progettivivado/shiftregister/shiftregister.srcs/sim_1/imports/02_-_ShiftRegisterSIPO/top_sim.vhd" into library xil_defaultlib
INFO: [VRFC 10-3107] analyzing entity 'top_sim'
INFO: [USF-XSim-69] 'compile' step finished in '3' seconds
INFO: [USF-XSim-3] XSim::Elaborate design
INFO: [USF-XSim-61] Executing 'ELABORATE' step in 'C:/Users/giorg/Desktop/progettivivado/shiftregister/shiftregister.sim/sim_1/behav/xsim'
Vivado Simulator 2018.3
Copyright 1986-1999, 2001-2018 Xilinx, Inc. All Rights Reserved.
Running: C:/Xilinx/Vivado/2018.3/bin/unwrapped/win64.o/xelab.exe -wto c4fdb29b76194a9997bfa5d810a9c495 --incr --debug typical --relax --mt 2 -L xil_defaultlib -L secureip --snapshot top_sim_behav xil_defaultlib.top_sim -log elaborate.log 
Using 2 slave threads.
Starting static elaboration
Completed static elaboration
Starting simulation data flow analysis
Completed simulation data flow analysis
Time Resolution for simulation is 1ps
Compiling package std.standard
Compiling package std.textio
Compiling package ieee.std_logic_1164
Compiling architecture behavioral of entity xil_defaultlib.ShiftRegisterSIPO [shiftregistersipo_default]
Compiling architecture behavioral of entity xil_defaultlib.top_sim
Built simulation snapshot top_sim_behav

****** Webtalk v2018.3 (64-bit)
  **** SW Build 2405991 on Thu Dec  6 23:38:27 MST 2018
  **** IP Build 2404404 on Fri Dec  7 01:43:56 MST 2018
    ** Copyright 1986-2018 Xilinx, Inc. All Rights Reserved.

source C:/Users/giorg/Desktop/progettivivado/shiftregister/shiftregister.sim/sim_1/behav/xsim/xsim.dir/top_sim_behav/webtalk/xsim_webtalk.tcl -notrace
INFO: [Common 17-206] Exiting Webtalk at Wed Oct 23 11:25:57 2024...
INFO: [USF-XSim-69] 'elaborate' step finished in '3' seconds
INFO: [USF-XSim-4] XSim::Simulate design
INFO: [USF-XSim-61] Executing 'SIMULATE' step in 'C:/Users/giorg/Desktop/progettivivado/shiftregister/shiftregister.sim/sim_1/behav/xsim'
INFO: [USF-XSim-98] *** Running xsim
   with args "top_sim_behav -key {Behavioral:sim_1:Functional:top_sim} -tclbatch {top_sim.tcl} -log {simulate.log}"
INFO: [USF-XSim-8] Loading simulator feature
Vivado Simulator 2018.3
Time resolution is 1 ps
source top_sim.tcl
# set curr_wave [current_wave_config]
# if { [string length $curr_wave] == 0 } {
#   if { [llength [get_objects]] > 0} {
#     add_wave /
#     set_property needs_save false [current_wave_config]
#   } else {
#      send_msg_id Add_Wave-1 WARNING "No top level signals found. Simulator will start without a wave window. If you want to open a wave window go to 'File->New Waveform Configuration' or type 'create_wave_config' in the TCL console."
#   }
# }
# run 1000ns
INFO: [USF-XSim-96] XSim completed. Design snapshot 'top_sim_behav' loaded.
INFO: [USF-XSim-97] XSim simulation ran for 1000ns
launch_simulation: Time (s): cpu = 00:00:01 ; elapsed = 00:00:11 . Memory (MB): peak = 1738.906 ; gain = 26.656
reset_run synth_1
WARNING: [Vivado 12-1017] Problems encountered:
1. Failed to delete one or more files in run directory C:/Users/giorg/Desktop/progettivivado/shiftregister/shiftregister.runs/synth_1

launch_runs synth_1 -jobs 6
[Wed Oct 23 11:28:55 2024] Launched synth_1...
Run output will be captured here: C:/Users/giorg/Desktop/progettivivado/shiftregister/shiftregister.runs/synth_1/runme.log
launch_runs impl_1 -jobs 6
[Wed Oct 23 11:29:12 2024] Launched impl_1...
Run output will be captured here: C:/Users/giorg/Desktop/progettivivado/shiftregister/shiftregister.runs/impl_1/runme.log
refresh_design
INFO: [Project 1-479] Netlist was created with Vivado 2018.3
INFO: [Project 1-570] Preparing netlist for logic optimization
Reading XDEF placement.
Reading placer database...
Reading XDEF routing.
Read XDEF File: Time (s): cpu = 00:00:00 ; elapsed = 00:00:00.021 . Memory (MB): peak = 1749.016 ; gain = 0.000
Restored from archive | CPU: 0.000000 secs | Memory: 0.000000 MB |
Finished XDEF File Restore: Time (s): cpu = 00:00:00 ; elapsed = 00:00:00.021 . Memory (MB): peak = 1749.016 ; gain = 0.000
WARNING: [Timing 38-313] There are no user specified timing constraints. Timing constraints are needed for proper timing analysis.
close_sim
INFO: [Simtcl 6-16] Simulation closed
launch_simulation
INFO: [Vivado 12-5682] Launching behavioral simulation in 'C:/Users/giorg/Desktop/progettivivado/shiftregister/shiftregister.sim/sim_1/behav/xsim'
INFO: [SIM-utils-51] Simulation object is 'sim_1'
INFO: [SIM-utils-54] Inspecting design source files for 'top_sim' in fileset 'sim_1'...
INFO: [USF-XSim-97] Finding global include files...
INFO: [USF-XSim-98] Fetching design files from 'sim_1'...
INFO: [USF-XSim-2] XSim::Compile design
INFO: [USF-XSim-61] Executing 'COMPILE and ANALYZE' step in 'C:/Users/giorg/Desktop/progettivivado/shiftregister/shiftregister.sim/sim_1/behav/xsim'
"xvhdl --incr --relax -prj top_sim_vhdl.prj"
INFO: [VRFC 10-163] Analyzing VHDL file "C:/Users/giorg/Desktop/progettivivado/shiftregister/shiftregister.srcs/sources_1/new/shiftregister.vhd" into library xil_defaultlib
INFO: [VRFC 10-3107] analyzing entity 'ShiftRegisterSIPO'
INFO: [USF-XSim-69] 'compile' step finished in '2' seconds
INFO: [USF-XSim-3] XSim::Elaborate design
INFO: [USF-XSim-61] Executing 'ELABORATE' step in 'C:/Users/giorg/Desktop/progettivivado/shiftregister/shiftregister.sim/sim_1/behav/xsim'
Vivado Simulator 2018.3
Copyright 1986-1999, 2001-2018 Xilinx, Inc. All Rights Reserved.
Running: C:/Xilinx/Vivado/2018.3/bin/unwrapped/win64.o/xelab.exe -wto c4fdb29b76194a9997bfa5d810a9c495 --incr --debug typical --relax --mt 2 -L xil_defaultlib -L secureip --snapshot top_sim_behav xil_defaultlib.top_sim -log elaborate.log 
Using 2 slave threads.
Starting static elaboration
Completed static elaboration
Starting simulation data flow analysis
Completed simulation data flow analysis
Time Resolution for simulation is 1ps
Compiling package std.standard
Compiling package std.textio
Compiling package ieee.std_logic_1164
Compiling architecture behavioral of entity xil_defaultlib.ShiftRegisterSIPO [shiftregistersipo_default]
Compiling architecture behavioral of entity xil_defaultlib.top_sim
Built simulation snapshot top_sim_behav
INFO: [USF-XSim-69] 'elaborate' step finished in '1' seconds
INFO: [USF-XSim-4] XSim::Simulate design
INFO: [USF-XSim-61] Executing 'SIMULATE' step in 'C:/Users/giorg/Desktop/progettivivado/shiftregister/shiftregister.sim/sim_1/behav/xsim'
INFO: [USF-XSim-98] *** Running xsim
   with args "top_sim_behav -key {Behavioral:sim_1:Functional:top_sim} -tclbatch {top_sim.tcl} -log {simulate.log}"
INFO: [USF-XSim-8] Loading simulator feature
Vivado Simulator 2018.3
Time resolution is 1 ps
source top_sim.tcl
# set curr_wave [current_wave_config]
# if { [string length $curr_wave] == 0 } {
#   if { [llength [get_objects]] > 0} {
#     add_wave /
#     set_property needs_save false [current_wave_config]
#   } else {
#      send_msg_id Add_Wave-1 WARNING "No top level signals found. Simulator will start without a wave window. If you want to open a wave window go to 'File->New Waveform Configuration' or type 'create_wave_config' in the TCL console."
#   }
# }
# run 1000ns
xsim: Time (s): cpu = 00:00:00 ; elapsed = 00:00:07 . Memory (MB): peak = 1987.730 ; gain = 0.000
INFO: [USF-XSim-96] XSim completed. Design snapshot 'top_sim_behav' loaded.
INFO: [USF-XSim-97] XSim simulation ran for 1000ns
launch_simulation: Time (s): cpu = 00:00:00 ; elapsed = 00:00:10 . Memory (MB): peak = 1987.730 ; gain = 0.000
close_sim
INFO: [Simtcl 6-16] Simulation closed
exit
INFO: [Common 17-206] Exiting Vivado at Wed Oct 23 11:30:42 2024...
