
*** Running vivado
    with args -log UpDownSyncCount.vds -m64 -product Vivado -mode batch -messageDb vivado.pb -notrace -source UpDownSyncCount.tcl


****** Vivado v2018.3 (64-bit)
  **** SW Build 2405991 on Thu Dec  6 23:38:27 MST 2018
  **** IP Build 2404404 on Fri Dec  7 01:43:56 MST 2018
    ** Copyright 1986-2018 Xilinx, Inc. All Rights Reserved.

source UpDownSyncCount.tcl -notrace
Command: synth_design -top UpDownSyncCount -part xc7a12ticsg325-1L
Starting synth_design
Attempting to get a license for feature 'Synthesis' and/or device 'xc7a12ti'
INFO: [Common 17-349] Got license for feature 'Synthesis' and/or device 'xc7a12ti'
INFO: Launching helper process for spawning children vivado processes
INFO: Helper process launched with PID 16748 
---------------------------------------------------------------------------------
Starting Synthesize : Time (s): cpu = 00:00:01 ; elapsed = 00:00:01 . Memory (MB): peak = 338.086 ; gain = 76.199
---------------------------------------------------------------------------------
INFO: [Synth 8-638] synthesizing module 'UpDownSyncCount' [C:/Users/giorg/Desktop/progettivivado/UpDown/UpDown.srcs/sources_1/new/UpDownSyncCount.vhd:39]
	Parameter COUNT_WIDTH bound to: 4 - type: integer 
INFO: [Synth 8-3491] module 'ff_d' declared at 'C:/Users/giorg/Desktop/progettivivado/UpDown/UpDown.srcs/sources_1/imports/02_-_ShiftRegisterSIPO/ff_d.vhd:4' bound to instance 'ff_d_inst' of component 'ff_d' [C:/Users/giorg/Desktop/progettivivado/UpDown/UpDown.srcs/sources_1/new/UpDownSyncCount.vhd:60]
INFO: [Synth 8-638] synthesizing module 'ff_d' [C:/Users/giorg/Desktop/progettivivado/UpDown/UpDown.srcs/sources_1/imports/02_-_ShiftRegisterSIPO/ff_d.vhd:14]
INFO: [Synth 8-256] done synthesizing module 'ff_d' (1#1) [C:/Users/giorg/Desktop/progettivivado/UpDown/UpDown.srcs/sources_1/imports/02_-_ShiftRegisterSIPO/ff_d.vhd:14]
INFO: [Synth 8-3491] module 'ff_d' declared at 'C:/Users/giorg/Desktop/progettivivado/UpDown/UpDown.srcs/sources_1/imports/02_-_ShiftRegisterSIPO/ff_d.vhd:4' bound to instance 'ff_d_inst' of component 'ff_d' [C:/Users/giorg/Desktop/progettivivado/UpDown/UpDown.srcs/sources_1/new/UpDownSyncCount.vhd:60]
INFO: [Synth 8-3491] module 'ff_d' declared at 'C:/Users/giorg/Desktop/progettivivado/UpDown/UpDown.srcs/sources_1/imports/02_-_ShiftRegisterSIPO/ff_d.vhd:4' bound to instance 'ff_d_inst' of component 'ff_d' [C:/Users/giorg/Desktop/progettivivado/UpDown/UpDown.srcs/sources_1/new/UpDownSyncCount.vhd:60]
INFO: [Synth 8-3491] module 'ff_d' declared at 'C:/Users/giorg/Desktop/progettivivado/UpDown/UpDown.srcs/sources_1/imports/02_-_ShiftRegisterSIPO/ff_d.vhd:4' bound to instance 'ff_d_inst' of component 'ff_d' [C:/Users/giorg/Desktop/progettivivado/UpDown/UpDown.srcs/sources_1/new/UpDownSyncCount.vhd:60]
INFO: [Synth 8-256] done synthesizing module 'UpDownSyncCount' (2#1) [C:/Users/giorg/Desktop/progettivivado/UpDown/UpDown.srcs/sources_1/new/UpDownSyncCount.vhd:39]
---------------------------------------------------------------------------------
Finished Synthesize : Time (s): cpu = 00:00:02 ; elapsed = 00:00:02 . Memory (MB): peak = 393.891 ; gain = 132.004
---------------------------------------------------------------------------------
---------------------------------------------------------------------------------
Finished Constraint Validation : Time (s): cpu = 00:00:02 ; elapsed = 00:00:02 . Memory (MB): peak = 393.891 ; gain = 132.004
---------------------------------------------------------------------------------
---------------------------------------------------------------------------------
Start Loading Part and Timing Information
---------------------------------------------------------------------------------
Loading part: xc7a12ticsg325-1L
---------------------------------------------------------------------------------
Finished Loading Part and Timing Information : Time (s): cpu = 00:00:02 ; elapsed = 00:00:02 . Memory (MB): peak = 393.891 ; gain = 132.004
---------------------------------------------------------------------------------
INFO: [Device 21-403] Loading part xc7a12ticsg325-1L
---------------------------------------------------------------------------------
Finished RTL Optimization Phase 2 : Time (s): cpu = 00:00:02 ; elapsed = 00:00:02 . Memory (MB): peak = 393.891 ; gain = 132.004
---------------------------------------------------------------------------------

Report RTL Partitions: 
+-+--------------+------------+----------+
| |RTL Partition |Replication |Instances |
+-+--------------+------------+----------+
+-+--------------+------------+----------+
No constraint files found.
---------------------------------------------------------------------------------
Start RTL Component Statistics 
---------------------------------------------------------------------------------
Detailed RTL Component Info : 
+---Adders : 
	   2 Input      4 Bit       Adders := 1     
+---Registers : 
	                1 Bit    Registers := 4     
+---Muxes : 
	   2 Input      2 Bit        Muxes := 1     
---------------------------------------------------------------------------------
Finished RTL Component Statistics 
---------------------------------------------------------------------------------
---------------------------------------------------------------------------------
Start RTL Hierarchical Component Statistics 
---------------------------------------------------------------------------------
Hierarchical RTL Component report 
Module UpDownSyncCount 
Detailed RTL Component Info : 
+---Adders : 
	   2 Input      4 Bit       Adders := 1     
+---Muxes : 
	   2 Input      2 Bit        Muxes := 1     
Module ff_d 
Detailed RTL Component Info : 
+---Registers : 
	                1 Bit    Registers := 1     
---------------------------------------------------------------------------------
Finished RTL Hierarchical Component Statistics
---------------------------------------------------------------------------------
---------------------------------------------------------------------------------
Start Part Resource Summary
---------------------------------------------------------------------------------
Part Resources:
DSPs: 40 (col length:40)
BRAMs: 40 (col length: RAMB18 40 RAMB36 20)
---------------------------------------------------------------------------------
Finished Part Resource Summary
---------------------------------------------------------------------------------
No constraint files found.
---------------------------------------------------------------------------------
Start Cross Boundary and Area Optimization
---------------------------------------------------------------------------------
Warning: Parallel synthesis criteria is not met 
---------------------------------------------------------------------------------
Finished Cross Boundary and Area Optimization : Time (s): cpu = 00:00:03 ; elapsed = 00:00:03 . Memory (MB): peak = 508.031 ; gain = 246.145
---------------------------------------------------------------------------------

Report RTL Partitions: 
+-+--------------+------------+----------+
| |RTL Partition |Replication |Instances |
+-+--------------+------------+----------+
+-+--------------+------------+----------+
No constraint files found.
---------------------------------------------------------------------------------
Start Timing Optimization
---------------------------------------------------------------------------------
---------------------------------------------------------------------------------
Finished Timing Optimization : Time (s): cpu = 00:00:03 ; elapsed = 00:00:03 . Memory (MB): peak = 508.031 ; gain = 246.145
---------------------------------------------------------------------------------

Report RTL Partitions: 
+-+--------------+------------+----------+
| |RTL Partition |Replication |Instances |
+-+--------------+------------+----------+
+-+--------------+------------+----------+
---------------------------------------------------------------------------------
Start Technology Mapping
---------------------------------------------------------------------------------
---------------------------------------------------------------------------------
Finished Technology Mapping : Time (s): cpu = 00:00:03 ; elapsed = 00:00:03 . Memory (MB): peak = 508.551 ; gain = 246.664
---------------------------------------------------------------------------------

Report RTL Partitions: 
+-+--------------+------------+----------+
| |RTL Partition |Replication |Instances |
+-+--------------+------------+----------+
+-+--------------+------------+----------+
---------------------------------------------------------------------------------
Start IO Insertion
---------------------------------------------------------------------------------
---------------------------------------------------------------------------------
Start Flattening Before IO Insertion
---------------------------------------------------------------------------------
---------------------------------------------------------------------------------
Finished Flattening Before IO Insertion
---------------------------------------------------------------------------------
---------------------------------------------------------------------------------
Start Final Netlist Cleanup
---------------------------------------------------------------------------------
---------------------------------------------------------------------------------
Finished Final Netlist Cleanup
---------------------------------------------------------------------------------
---------------------------------------------------------------------------------
Finished IO Insertion : Time (s): cpu = 00:00:03 ; elapsed = 00:00:04 . Memory (MB): peak = 508.551 ; gain = 246.664
---------------------------------------------------------------------------------

Report Check Netlist: 
+------+------------------+-------+---------+-------+------------------+
|      |Item              |Errors |Warnings |Status |Description       |
+------+------------------+-------+---------+-------+------------------+
|1     |multi_driven_nets |      0|        0|Passed |Multi driven nets |
+------+------------------+-------+---------+-------+------------------+
---------------------------------------------------------------------------------
Start Renaming Generated Instances
---------------------------------------------------------------------------------
---------------------------------------------------------------------------------
Finished Renaming Generated Instances : Time (s): cpu = 00:00:03 ; elapsed = 00:00:04 . Memory (MB): peak = 508.551 ; gain = 246.664
---------------------------------------------------------------------------------

Report RTL Partitions: 
+-+--------------+------------+----------+
| |RTL Partition |Replication |Instances |
+-+--------------+------------+----------+
+-+--------------+------------+----------+
---------------------------------------------------------------------------------
Start Rebuilding User Hierarchy
---------------------------------------------------------------------------------
---------------------------------------------------------------------------------
Finished Rebuilding User Hierarchy : Time (s): cpu = 00:00:03 ; elapsed = 00:00:04 . Memory (MB): peak = 508.551 ; gain = 246.664
---------------------------------------------------------------------------------
---------------------------------------------------------------------------------
Start Renaming Generated Ports
---------------------------------------------------------------------------------
---------------------------------------------------------------------------------
Finished Renaming Generated Ports : Time (s): cpu = 00:00:03 ; elapsed = 00:00:04 . Memory (MB): peak = 508.551 ; gain = 246.664
---------------------------------------------------------------------------------
---------------------------------------------------------------------------------
Start Handling Custom Attributes
---------------------------------------------------------------------------------
---------------------------------------------------------------------------------
Finished Handling Custom Attributes : Time (s): cpu = 00:00:03 ; elapsed = 00:00:04 . Memory (MB): peak = 508.551 ; gain = 246.664
---------------------------------------------------------------------------------
---------------------------------------------------------------------------------
Start Renaming Generated Nets
---------------------------------------------------------------------------------
---------------------------------------------------------------------------------
Finished Renaming Generated Nets : Time (s): cpu = 00:00:03 ; elapsed = 00:00:04 . Memory (MB): peak = 508.551 ; gain = 246.664
---------------------------------------------------------------------------------
---------------------------------------------------------------------------------
Start Writing Synthesis Report
---------------------------------------------------------------------------------

Report BlackBoxes: 
+-+--------------+----------+
| |BlackBox name |Instances |
+-+--------------+----------+
+-+--------------+----------+

Report Cell Usage: 
+------+-----+------+
|      |Cell |Count |
+------+-----+------+
|1     |BUFG |     1|
|2     |LUT3 |     1|
|3     |LUT4 |     1|
|4     |LUT5 |     1|
|5     |LUT6 |     1|
|6     |FDCE |     4|
|7     |IBUF |     4|
|8     |OBUF |     4|
+------+-----+------+

Report Instance Areas: 
+------+----------------------------+-------+------+
|      |Instance                    |Module |Cells |
+------+----------------------------+-------+------+
|1     |top                         |       |    17|
|2     |  \LOOP_COUNT[0].ff_d_inst  |ff_d   |     4|
|3     |  \LOOP_COUNT[1].ff_d_inst  |ff_d_0 |     2|
|4     |  \LOOP_COUNT[2].ff_d_inst  |ff_d_1 |     1|
|5     |  \LOOP_COUNT[3].ff_d_inst  |ff_d_2 |     1|
+------+----------------------------+-------+------+
---------------------------------------------------------------------------------
Finished Writing Synthesis Report : Time (s): cpu = 00:00:03 ; elapsed = 00:00:04 . Memory (MB): peak = 508.551 ; gain = 246.664
---------------------------------------------------------------------------------
Synthesis finished with 0 errors, 0 critical warnings and 0 warnings.
Synthesis Optimization Runtime : Time (s): cpu = 00:00:03 ; elapsed = 00:00:04 . Memory (MB): peak = 508.551 ; gain = 246.664
Synthesis Optimization Complete : Time (s): cpu = 00:00:03 ; elapsed = 00:00:04 . Memory (MB): peak = 508.551 ; gain = 246.664
INFO: [Project 1-571] Translating synthesized netlist
INFO: [Project 1-570] Preparing netlist for logic optimization
INFO: [Opt 31-138] Pushed 0 inverter(s) to 0 load pin(s).
Netlist sorting complete. Time (s): cpu = 00:00:00 ; elapsed = 00:00:00 . Memory (MB): peak = 612.020 ; gain = 0.000
INFO: [Project 1-111] Unisim Transformation Summary:
No Unisim elements were transformed.

INFO: [Common 17-83] Releasing license: Synthesis
15 Infos, 0 Warnings, 0 Critical Warnings and 0 Errors encountered.
synth_design completed successfully
synth_design: Time (s): cpu = 00:00:05 ; elapsed = 00:00:07 . Memory (MB): peak = 612.020 ; gain = 350.133
Netlist sorting complete. Time (s): cpu = 00:00:00 ; elapsed = 00:00:00 . Memory (MB): peak = 612.020 ; gain = 0.000
WARNING: [Constraints 18-5210] No constraints selected for write.
Resolution: This message can indicate that there are no constraints for the design, or it can indicate that the used_in flags are set such that the constraints are ignored. This later case is used when running synth_design to not write synthesis constraints to the resulting checkpoint. Instead, project constraints are read when the synthesized design is opened.
INFO: [Common 17-1381] The checkpoint 'C:/Users/giorg/Desktop/progettivivado/UpDown/UpDown.runs/synth_1/UpDownSyncCount.dcp' has been generated.
INFO: [runtcl-4] Executing : report_utilization -file UpDownSyncCount_utilization_synth.rpt -pb UpDownSyncCount_utilization_synth.pb
INFO: [Common 17-206] Exiting Vivado at Sat Nov 16 10:26:48 2024...
