#-----------------------------------------------------------
# Vivado v2018.3 (64-bit)
# SW Build 2405991 on Thu Dec  6 23:38:27 MST 2018
# IP Build 2404404 on Fri Dec  7 01:43:56 MST 2018
# Start of session at: Tue Mar 24 14:15:43 2026
# Process ID: 11420
# Current directory: C:/Users/giorg/Desktop/progettivivado/fulladder
# Command line: vivado.exe -gui_launcher_event rodinguilauncherevent14552 C:\Users\giorg\Desktop\progettivivado\fulladder\fulladder.xpr
# Log file: C:/Users/giorg/Desktop/progettivivado/fulladder/vivado.log
# Journal file: C:/Users/giorg/Desktop/progettivivado/fulladder\vivado.jou
#-----------------------------------------------------------
start_gui
open_project C:/Users/giorg/Desktop/progettivivado/fulladder/fulladder.xpr
Scanning sources...
Finished scanning sources
INFO: [IP_Flow 19-234] Refreshing IP repositories
INFO: [IP_Flow 19-1704] No user IP repositories specified
INFO: [IP_Flow 19-2313] Loaded Vivado IP repository 'C:/Xilinx/Vivado/2018.3/data/ip'.
open_project: Time (s): cpu = 00:00:14 ; elapsed = 00:00:06 . Memory (MB): peak = 632.609 ; gain = 50.926
update_compile_order -fileset sources_1
exit
INFO: [Common 17-206] Exiting Vivado at Tue Mar 24 14:51:57 2026...
