Vivado Simulator 2018.3
Copyright 1986-1999, 2001-2018 Xilinx, Inc. All Rights Reserved.
Running: C:/Xilinx/Vivado/2018.3/bin/unwrapped/win64.o/xelab.exe -wto 81f1f72a399c4e238831280f80e8e3d1 --incr --debug typical --relax --mt 2 -L xil_defaultlib -L secureip --snapshot crossbar_tb_behav xil_defaultlib.crossbar_tb -log elaborate.log 
Using 2 slave threads.
Starting static elaboration
WARNING: [VRFC 10-3009] 'blk_mem_gen_0' remains a black-box since it has no binding entity [C:/Users/giorg/Desktop/Github/Vivado/vivado_project_dtu/crossbar/crossbar.srcs/sources_1/new/newfifo.vhd:80]
Completed static elaboration
Starting simulation data flow analysis
Completed simulation data flow analysis
Time Resolution for simulation is 1ps
Compiling package std.standard
Compiling package std.textio
Compiling package ieee.std_logic_1164
Compiling package ieee.numeric_std
Compiling package unisim.vcomponents
Compiling package xil_defaultlib.switch_types
Compiling architecture behavioral of entity xil_defaultlib.newfifo [newfifo_default]
Compiling architecture behavioral of entity xil_defaultlib.crossbar [crossbar_default]
Compiling architecture sim of entity xil_defaultlib.crossbar_tb
Built simulation snapshot crossbar_tb_behav
