Copyright 1986-2018 Xilinx, Inc. All Rights Reserved.
-----------------------------------------------------------------------------------------------------------------------------------------------------------------------------------
| Tool Version : Vivado v.2018.3 (win64) Build 2405991 Thu Dec  6 23:38:27 MST 2018
| Date         : Sat Nov 16 10:27:28 2024
| Host         : DESKTOP-LB7VOFM running 64-bit major release  (build 9200)
| Command      : report_methodology -file UpDownSyncCount_methodology_drc_routed.rpt -pb UpDownSyncCount_methodology_drc_routed.pb -rpx UpDownSyncCount_methodology_drc_routed.rpx
| Design       : UpDownSyncCount
| Device       : xc7a12ticsg325-1L
| Speed File   : -1L
| Design State : Fully Routed
-----------------------------------------------------------------------------------------------------------------------------------------------------------------------------------

Report Methodology

Table of Contents
-----------------
1. REPORT SUMMARY
2. REPORT DETAILS

1. REPORT SUMMARY
-----------------
            Netlist: netlist
          Floorplan: design_1
      Design limits: <entire design considered>
             Max violations: <unlimited>
             Violations found: 4
+-----------+----------+-----------------------------+------------+
| Rule      | Severity | Description                 | Violations |
+-----------+----------+-----------------------------+------------+
| TIMING-17 | Warning  | Non-clocked sequential cell | 4          |
+-----------+----------+-----------------------------+------------+

2. REPORT DETAILS
-----------------
TIMING-17#1 Warning
Non-clocked sequential cell  
The clock pin LOOP_COUNT[0].ff_d_inst/q_int_reg/C is not reached by a timing clock
Related violations: <none>

TIMING-17#2 Warning
Non-clocked sequential cell  
The clock pin LOOP_COUNT[1].ff_d_inst/q_int_reg/C is not reached by a timing clock
Related violations: <none>

TIMING-17#3 Warning
Non-clocked sequential cell  
The clock pin LOOP_COUNT[2].ff_d_inst/q_int_reg/C is not reached by a timing clock
Related violations: <none>

TIMING-17#4 Warning
Non-clocked sequential cell  
The clock pin LOOP_COUNT[3].ff_d_inst/q_int_reg/C is not reached by a timing clock
Related violations: <none>


